[2022-04-08 16:35:09]	compilation failed at : "c:\Users\Administrator\Desktop\51单片机学习\1-4按键控制led移位\src\main.c", exit code: 2
  at unify_builder.Program.Main (System.String[] args) [0x018f4] in <5ad0758a213a4017a4a43a71c811e836>:0 
---
C51 COMPILER V9.60.0.0 - SN: K1DZC-UVG34C
COPYRIGHT Copyright (C) 2012 - 2019 ARM Ltd and ARM Germany GmbH. All rights reserved.
*** ERROR C202 IN LINE 18 OF .\SRC\MAIN.C: 'button': undefined identifier
*** ERROR C202 IN LINE 20 OF .\SRC\MAIN.C: 'button': undefined identifier
*** ERROR C141 IN LINE 24 OF .\SRC\MAIN.C: syntax error near '}', expected ';'
*** ERROR C141 IN LINE 26 OF .\SRC\MAIN.C: syntax error near '}', expected ';'
C51 COMPILATION COMPLETE.  0 WARNING(S),  4 ERROR(S)

[2022-04-08 16:35:43]	compilation failed at : "c:\Users\Administrator\Desktop\51单片机学习\1-4按键控制led移位\src\main.c", exit code: 2
  at unify_builder.Program.Main (System.String[] args) [0x018f4] in <5ad0758a213a4017a4a43a71c811e836>:0 
---
C51 COMPILER V9.60.0.0 - SN: K1DZC-UVG34C
COPYRIGHT Copyright (C) 2012 - 2019 ARM Ltd and ARM Germany GmbH. All rights reserved.
*** ERROR C141 IN LINE 24 OF .\SRC\MAIN.C: syntax error near '}', expected ';'
*** ERROR C141 IN LINE 26 OF .\SRC\MAIN.C: syntax error near '}', expected ';'
C51 COMPILATION COMPLETE.  0 WARNING(S),  2 ERROR(S)

[2022-04-08 16:35:55]	[done]
	build successfully !

[2022-04-08 16:39:06]	[done]
	build successfully !

[2022-04-08 16:57:20]	[done]
	build successfully !

[2022-04-08 17:00:49]	[done]
	build successfully !

[2022-04-08 17:01:40]	[done]
	build successfully !

[2022-04-08 17:03:15]	[done]
	build successfully !

[2022-04-08 17:03:33]	[done]
	build successfully !

[2022-04-12 10:23:18]	[done]
	build successfully !

[2022-04-12 15:02:13]	[done]
	build successfully !

