C51 COMPILER V9.60.0.0   MAIN                                                              04/13/2022 17:44:22 PAGE 1   


C51 COMPILER V9.60.0.0, COMPILATION OF MODULE MAIN
OBJECT MODULE PLACED IN .\build\Debug\src\main.o
COMPILER INVOKED BY: C:\Keil_v5\C51\BIN\C51.exe .\SRC\MAIN.C PRINT(.\build\Debug\src\main.lst) OMF2 TABS(4) CODE NOCOND 
                    -SYMBOLS OPTIMIZE(8,SPEED) SMALL ROM(LARGE) INCDIR(.\..\..\..\..\..\Keil_v5\C51\INC;.\src) DEFINE(__UVISION_VERSION=526) 
                    -OBJECT(.\build\Debug\src\main.o)

line level    source

   1          #include "LCD1602.h"
   2          #include "REG52.h"
   3          #include "delay.h"
   4          #include "matrixKey.h"
   5          unsigned char keyNum = 0;
   6          unsigned int passWord = 0;
   7          unsigned char count = 0;
   8          char* aa = ""; 
   9          void main() {
  10   1          LCD_Init();
  11   1          LCD_ShowString(1, 1, "Pass Word :");
  12   1          while (1) {
  13   2              keyNum = MatrixKey();
  14   2              if (keyNum) {
  15   3                  if (keyNum <= 10 && (++count) <= 4) {
  16   4                      passWord *= 10;
  17   4                      passWord += keyNum % 10;
  18   4                      // LCD_ShowNum(2, 11, passWord, 4);
  19   4                      LCD_ShowChar(2, 5-count, '*');
  20   4                  }
  21   3                  if (keyNum == 11) {
  22   4                      if (passWord == 1110) {
  23   5                          LCD_ShowString(1, 13, "OK ");
  24   5                      } else {
  25   5                          LCD_ShowString(1, 13, "ERR");
  26   5                      }
  27   4                      passWord = 0;
  28   4                      count = 0;
  29   4                      LCD_ShowString(2,1,"    ");
  30   4                  }
  31   3              }
  32   2          }
  33   1      }
C51 COMPILER V9.60.0.0   MAIN                                                              04/13/2022 17:44:22 PAGE 2   

ASSEMBLY LISTING OF GENERATED OBJECT CODE


             ; FUNCTION main (BEGIN)
                                           ; SOURCE LINE # 9
                                           ; SOURCE LINE # 10
0000 120000      E     LCALL   LCD_Init
                                           ; SOURCE LINE # 11
0003 7BFF              MOV     R3,#0FFH
0005 7A00        R     MOV     R2,#HIGH ?SC_1
0007 7900        R     MOV     R1,#LOW ?SC_1
0009 7D01              MOV     R5,#01H
000B 7F01              MOV     R7,#01H
000D 120000      E     LCALL   _LCD_ShowString
0010         ?C0001:
                                           ; SOURCE LINE # 12
                                           ; SOURCE LINE # 13
0010 120000      E     LCALL   MatrixKey
0013 8F00        R     MOV     keyNum,R7
                                           ; SOURCE LINE # 14
0015 E500        R     MOV     A,keyNum
0017 60F7              JZ      ?C0001
                                           ; SOURCE LINE # 15
0019 D3                SETB    C
001A 940A              SUBB    A,#0AH
001C 7480              MOV     A,#080H
001E 9480              SUBB    A,#080H
0020 5039              JNC     ?C0004
0022 0500        R     INC     count
0024 E500        R     MOV     A,count
0026 9404              SUBB    A,#04H
0028 7480              MOV     A,#080H
002A 9480              SUBB    A,#080H
002C 502D              JNC     ?C0004
                                           ; SOURCE LINE # 16
002E AE00        R     MOV     R6,passWord
0030 AF00        R     MOV     R7,passWord+01H
0032 7C00              MOV     R4,#00H
0034 7D0A              MOV     R5,#0AH
0036 120000      E     LCALL   ?C?IMUL
0039 8E00        R     MOV     passWord,R6
003B 8F00        R     MOV     passWord+01H,R7
                                           ; SOURCE LINE # 17
003D E500        R     MOV     A,keyNum
003F 75F00A            MOV     B,#0AH
0042 84                DIV     AB
0043 E5F0              MOV     A,B
0045 2500        R     ADD     A,passWord+01H
0047 F500        R     MOV     passWord+01H,A
0049 E4                CLR     A
004A 3500        R     ADDC    A,passWord
004C F500        R     MOV     passWord,A
                                           ; SOURCE LINE # 19
004E C3                CLR     C
004F 7405              MOV     A,#05H
0051 9500        R     SUBB    A,count
0053 FD                MOV     R5,A
0054 7B2A              MOV     R3,#02AH
0056 7F02              MOV     R7,#02H
0058 120000      E     LCALL   _LCD_ShowChar
                                           ; SOURCE LINE # 20
005B         ?C0004:
C51 COMPILER V9.60.0.0   MAIN                                                              04/13/2022 17:44:22 PAGE 3   

                                           ; SOURCE LINE # 21
005B E500        R     MOV     A,keyNum
005D 640B              XRL     A,#0BH
005F 70AF              JNZ     ?C0001
                                           ; SOURCE LINE # 22
0061 E500        R     MOV     A,passWord+01H
0063 B4560D            CJNE    A,#056H,?C0006
0066 E500        R     MOV     A,passWord
0068 B40408            CJNE    A,#04H,?C0006
                                           ; SOURCE LINE # 23
006B 7BFF              MOV     R3,#0FFH
006D 7A00        R     MOV     R2,#HIGH ?SC_13
006F 7900        R     MOV     R1,#LOW ?SC_13
                                           ; SOURCE LINE # 24
0071 8006              SJMP    ?C0010
0073         ?C0006:
                                           ; SOURCE LINE # 25
0073 7BFF              MOV     R3,#0FFH
0075 7A00        R     MOV     R2,#HIGH ?SC_17
0077 7900        R     MOV     R1,#LOW ?SC_17
0079         ?C0010:
0079 7D0D              MOV     R5,#0DH
007B 7F01              MOV     R7,#01H
007D 120000      E     LCALL   _LCD_ShowString
                                           ; SOURCE LINE # 26
0080         ?C0007:
                                           ; SOURCE LINE # 27
0080 E4                CLR     A
0081 F500        R     MOV     passWord,A
0083 F500        R     MOV     passWord+01H,A
                                           ; SOURCE LINE # 28
0085 F500        R     MOV     count,A
                                           ; SOURCE LINE # 29
0087 7BFF              MOV     R3,#0FFH
0089 7A00        R     MOV     R2,#HIGH ?SC_21
008B 7900        R     MOV     R1,#LOW ?SC_21
008D 7D01              MOV     R5,#01H
008F 7F02              MOV     R7,#02H
0091 120000      E     LCALL   _LCD_ShowString
                                           ; SOURCE LINE # 30
                                           ; SOURCE LINE # 31
                                           ; SOURCE LINE # 32
0094 020000      R     LJMP    ?C0001
             ; FUNCTION main (END)

C51 COMPILER V9.60.0.0   MAIN                                                              04/13/2022 17:44:22 PAGE 4   

NAME                                    CLASS   MSPACE  TYPE    OFFSET  SIZE
====                                    =====   ======  ====    ======  ====


P0 . . . . . . . . . . . . . . . . . .  SFR      DATA   U_CHAR   0080H  1
P1 . . . . . . . . . . . . . . . . . .  SFR      DATA   U_CHAR   0090H  1
P2 . . . . . . . . . . . . . . . . . .  SFR      DATA   U_CHAR   00A0H  1
P3 . . . . . . . . . . . . . . . . . .  SFR      DATA   U_CHAR   00B0H  1
T0 . . . . . . . . . . . . . . . . . .  ABSBIT   -----  BIT      00B4H  1
AC . . . . . . . . . . . . . . . . . .  ABSBIT   -----  BIT      00D6H  1
T1 . . . . . . . . . . . . . . . . . .  ABSBIT   -----  BIT      00B5H  1
T2 . . . . . . . . . . . . . . . . . .  ABSBIT   -----  BIT      0090H  1
EA . . . . . . . . . . . . . . . . . .  ABSBIT   -----  BIT      00AFH  1
IE . . . . . . . . . . . . . . . . . .  SFR      DATA   U_CHAR   00A8H  1
EXF2 . . . . . . . . . . . . . . . . .  ABSBIT   -----  BIT      00CEH  1
RD . . . . . . . . . . . . . . . . . .  ABSBIT   -----  BIT      00B7H  1
ES . . . . . . . . . . . . . . . . . .  ABSBIT   -----  BIT      00ACH  1
IP . . . . . . . . . . . . . . . . . .  SFR      DATA   U_CHAR   00B8H  1
RI . . . . . . . . . . . . . . . . . .  ABSBIT   -----  BIT      0098H  1
INT0 . . . . . . . . . . . . . . . . .  ABSBIT   -----  BIT      00B2H  1
CY . . . . . . . . . . . . . . . . . .  ABSBIT   -----  BIT      00D7H  1
TI . . . . . . . . . . . . . . . . . .  ABSBIT   -----  BIT      0099H  1
INT1 . . . . . . . . . . . . . . . . .  ABSBIT   -----  BIT      00B3H  1
RCAP2H . . . . . . . . . . . . . . . .  SFR      DATA   U_CHAR   00CBH  1
PS . . . . . . . . . . . . . . . . . .  ABSBIT   -----  BIT      00BCH  1
SP . . . . . . . . . . . . . . . . . .  SFR      DATA   U_CHAR   0081H  1
MatrixKey. . . . . . . . . . . . . . .  EXTERN   CODE   PROC     -----  -----
T2EX . . . . . . . . . . . . . . . . .  ABSBIT   -----  BIT      0091H  1
OV . . . . . . . . . . . . . . . . . .  ABSBIT   -----  BIT      00D2H  1
RCAP2L . . . . . . . . . . . . . . . .  SFR      DATA   U_CHAR   00CAH  1
main . . . . . . . . . . . . . . . . .  PUBLIC   CODE   PROC     0000H  -----
C_T2 . . . . . . . . . . . . . . . . .  ABSBIT   -----  BIT      00C9H  1
WR . . . . . . . . . . . . . . . . . .  ABSBIT   -----  BIT      00B6H  1
count. . . . . . . . . . . . . . . . .  PUBLIC   DATA   U_CHAR   0000H  1
RCLK . . . . . . . . . . . . . . . . .  ABSBIT   -----  BIT      00CDH  1
TCLK . . . . . . . . . . . . . . . . .  ABSBIT   -----  BIT      00CCH  1
P00. . . . . . . . . . . . . . . . . .  ABSBIT   -----  BIT      0080H  1
P10. . . . . . . . . . . . . . . . . .  ABSBIT   -----  BIT      0090H  1
P01. . . . . . . . . . . . . . . . . .  ABSBIT   -----  BIT      0081H  1
SBUF . . . . . . . . . . . . . . . . .  SFR      DATA   U_CHAR   0099H  1
PCON . . . . . . . . . . . . . . . . .  SFR      DATA   U_CHAR   0087H  1
P20. . . . . . . . . . . . . . . . . .  ABSBIT   -----  BIT      00A0H  1
P11. . . . . . . . . . . . . . . . . .  ABSBIT   -----  BIT      0091H  1
P02. . . . . . . . . . . . . . . . . .  ABSBIT   -----  BIT      0082H  1
P30. . . . . . . . . . . . . . . . . .  ABSBIT   -----  BIT      00B0H  1
P21. . . . . . . . . . . . . . . . . .  ABSBIT   -----  BIT      00A1H  1
P12. . . . . . . . . . . . . . . . . .  ABSBIT   -----  BIT      0092H  1
P03. . . . . . . . . . . . . . . . . .  ABSBIT   -----  BIT      0083H  1
P31. . . . . . . . . . . . . . . . . .  ABSBIT   -----  BIT      00B1H  1
P22. . . . . . . . . . . . . . . . . .  ABSBIT   -----  BIT      00A2H  1
P13. . . . . . . . . . . . . . . . . .  ABSBIT   -----  BIT      0093H  1
P04. . . . . . . . . . . . . . . . . .  ABSBIT   -----  BIT      0084H  1
SCON . . . . . . . . . . . . . . . . .  SFR      DATA   U_CHAR   0098H  1
P32. . . . . . . . . . . . . . . . . .  ABSBIT   -----  BIT      00B2H  1
P23. . . . . . . . . . . . . . . . . .  ABSBIT   -----  BIT      00A3H  1
P14. . . . . . . . . . . . . . . . . .  ABSBIT   -----  BIT      0094H  1
P05. . . . . . . . . . . . . . . . . .  ABSBIT   -----  BIT      0085H  1
TMOD . . . . . . . . . . . . . . . . .  SFR      DATA   U_CHAR   0089H  1
TCON . . . . . . . . . . . . . . . . .  SFR      DATA   U_CHAR   0088H  1
P33. . . . . . . . . . . . . . . . . .  ABSBIT   -----  BIT      00B3H  1
P24. . . . . . . . . . . . . . . . . .  ABSBIT   -----  BIT      00A4H  1
C51 COMPILER V9.60.0.0   MAIN                                                              04/13/2022 17:44:22 PAGE 5   

NAME                                    CLASS   MSPACE  TYPE    OFFSET  SIZE
====                                    =====   ======  ====    ======  ====


P15. . . . . . . . . . . . . . . . . .  ABSBIT   -----  BIT      0095H  1
P06. . . . . . . . . . . . . . . . . .  ABSBIT   -----  BIT      0086H  1
P34. . . . . . . . . . . . . . . . . .  ABSBIT   -----  BIT      00B4H  1
P25. . . . . . . . . . . . . . . . . .  ABSBIT   -----  BIT      00A5H  1
P16. . . . . . . . . . . . . . . . . .  ABSBIT   -----  BIT      0096H  1
P07. . . . . . . . . . . . . . . . . .  ABSBIT   -----  BIT      0087H  1
P35. . . . . . . . . . . . . . . . . .  ABSBIT   -----  BIT      00B5H  1
P26. . . . . . . . . . . . . . . . . .  ABSBIT   -----  BIT      00A6H  1
P17. . . . . . . . . . . . . . . . . .  ABSBIT   -----  BIT      0097H  1
P36. . . . . . . . . . . . . . . . . .  ABSBIT   -----  BIT      00B6H  1
P27. . . . . . . . . . . . . . . . . .  ABSBIT   -----  BIT      00A7H  1
P37. . . . . . . . . . . . . . . . . .  ABSBIT   -----  BIT      00B7H  1
IE0. . . . . . . . . . . . . . . . . .  ABSBIT   -----  BIT      0089H  1
IE1. . . . . . . . . . . . . . . . . .  ABSBIT   -----  BIT      008BH  1
B. . . . . . . . . . . . . . . . . . .  SFR      DATA   U_CHAR   00F0H  1
aa . . . . . . . . . . . . . . . . . .  PUBLIC   DATA   PTR      0001H  3
CP_RL2 . . . . . . . . . . . . . . . .  ABSBIT   -----  BIT      00C8H  1
ACC. . . . . . . . . . . . . . . . . .  SFR      DATA   U_CHAR   00E0H  1
ET0. . . . . . . . . . . . . . . . . .  ABSBIT   -----  BIT      00A9H  1
ET1. . . . . . . . . . . . . . . . . .  ABSBIT   -----  BIT      00ABH  1
TF0. . . . . . . . . . . . . . . . . .  ABSBIT   -----  BIT      008DH  1
LCD_Init . . . . . . . . . . . . . . .  EXTERN   CODE   PROC     -----  -----
ET2. . . . . . . . . . . . . . . . . .  ABSBIT   -----  BIT      00ADH  1
TF1. . . . . . . . . . . . . . . . . .  ABSBIT   -----  BIT      008FH  1
TF2. . . . . . . . . . . . . . . . . .  ABSBIT   -----  BIT      00CFH  1
RB8. . . . . . . . . . . . . . . . . .  ABSBIT   -----  BIT      009AH  1
TH0. . . . . . . . . . . . . . . . . .  SFR      DATA   U_CHAR   008CH  1
EX0. . . . . . . . . . . . . . . . . .  ABSBIT   -----  BIT      00A8H  1
IT0. . . . . . . . . . . . . . . . . .  ABSBIT   -----  BIT      0088H  1
TH1. . . . . . . . . . . . . . . . . .  SFR      DATA   U_CHAR   008DH  1
TB8. . . . . . . . . . . . . . . . . .  ABSBIT   -----  BIT      009BH  1
EX1. . . . . . . . . . . . . . . . . .  ABSBIT   -----  BIT      00AAH  1
IT1. . . . . . . . . . . . . . . . . .  ABSBIT   -----  BIT      008AH  1
TH2. . . . . . . . . . . . . . . . . .  SFR      DATA   U_CHAR   00CDH  1
P. . . . . . . . . . . . . . . . . . .  ABSBIT   -----  BIT      00D0H  1
SM0. . . . . . . . . . . . . . . . . .  ABSBIT   -----  BIT      009FH  1
TL0. . . . . . . . . . . . . . . . . .  SFR      DATA   U_CHAR   008AH  1
SM1. . . . . . . . . . . . . . . . . .  ABSBIT   -----  BIT      009EH  1
TL1. . . . . . . . . . . . . . . . . .  SFR      DATA   U_CHAR   008BH  1
SM2. . . . . . . . . . . . . . . . . .  ABSBIT   -----  BIT      009DH  1
TL2. . . . . . . . . . . . . . . . . .  SFR      DATA   U_CHAR   00CCH  1
_LCD_ShowString. . . . . . . . . . . .  EXTERN   CODE   PROC     -----  -----
PT0. . . . . . . . . . . . . . . . . .  ABSBIT   -----  BIT      00B9H  1
PT1. . . . . . . . . . . . . . . . . .  ABSBIT   -----  BIT      00BBH  1
RS0. . . . . . . . . . . . . . . . . .  ABSBIT   -----  BIT      00D3H  1
PT2. . . . . . . . . . . . . . . . . .  ABSBIT   -----  BIT      00BDH  1
TR0. . . . . . . . . . . . . . . . . .  ABSBIT   -----  BIT      008CH  1
RS1. . . . . . . . . . . . . . . . . .  ABSBIT   -----  BIT      00D4H  1
TR1. . . . . . . . . . . . . . . . . .  ABSBIT   -----  BIT      008EH  1
passWord . . . . . . . . . . . . . . .  PUBLIC   DATA   U_INT    0004H  2
TR2. . . . . . . . . . . . . . . . . .  ABSBIT   -----  BIT      00CAH  1
PX0. . . . . . . . . . . . . . . . . .  ABSBIT   -----  BIT      00B8H  1
_LCD_ShowChar. . . . . . . . . . . . .  EXTERN   CODE   PROC     -----  -----
PX1. . . . . . . . . . . . . . . . . .  ABSBIT   -----  BIT      00BAH  1
DPH. . . . . . . . . . . . . . . . . .  SFR      DATA   U_CHAR   0083H  1
DPL. . . . . . . . . . . . . . . . . .  SFR      DATA   U_CHAR   0082H  1
EXEN2. . . . . . . . . . . . . . . . .  ABSBIT   -----  BIT      00CBH  1
C51 COMPILER V9.60.0.0   MAIN                                                              04/13/2022 17:44:22 PAGE 6   

NAME                                    CLASS   MSPACE  TYPE    OFFSET  SIZE
====                                    =====   ======  ====    ======  ====


REN. . . . . . . . . . . . . . . . . .  ABSBIT   -----  BIT      009CH  1
T2CON. . . . . . . . . . . . . . . . .  SFR      DATA   U_CHAR   00C8H  1
RXD. . . . . . . . . . . . . . . . . .  ABSBIT   -----  BIT      00B0H  1
TXD. . . . . . . . . . . . . . . . . .  ABSBIT   -----  BIT      00B1H  1
F0 . . . . . . . . . . . . . . . . . .  ABSBIT   -----  BIT      00D5H  1
PSW. . . . . . . . . . . . . . . . . .  SFR      DATA   U_CHAR   00D0H  1
keyNum . . . . . . . . . . . . . . . .  PUBLIC   DATA   U_CHAR   0006H  1


MODULE INFORMATION:   STATIC OVERLAYABLE
   CODE SIZE        =    151    ----
   CONSTANT SIZE    =     26    ----
   XDATA SIZE       =   ----    ----
   PDATA SIZE       =   ----    ----
   DATA SIZE        =      7    ----
   IDATA SIZE       =   ----    ----
   BIT SIZE         =   ----    ----
   EDATA SIZE       =   ----    ----
   HDATA SIZE       =   ----    ----
   XDATA CONST SIZE =   ----    ----
   FAR CONST SIZE   =   ----    ----
END OF MODULE INFORMATION.


C51 COMPILATION COMPLETE.  0 WARNING(S),  0 ERROR(S)
