[2022-04-13 22:44:04]	compilation failed at : "c:\Users\Administrator\Desktop\51单片机学习\7-1按键控制led流水灯模式\src\main.c", exit code: 2
  at unify_builder.Program.Main (System.String[] args) [0x018f4] in <82200d7cd0cf4a279c5fb9fc299a656f>:0 
---
C51 COMPILER V9.60.0.0 - SN: K1DZC-UVG34C
COPYRIGHT Copyright (C) 2012 - 2019 ARM Ltd and ARM Germany GmbH. All rights reserved.
*** ERROR C309 IN LINE 2 OF .\SRC\MAIN.C: bad or missing filename
*** WARNING C318 IN LINE 2 OF .\SRC\MAIN.C: can't open file ''
C51 COMPILATION COMPLETE.  1 WARNING(S),  1 ERROR(S)

[2022-04-13 22:44:12]	[done]
	build successfully !

[2022-04-13 22:45:06]	[done]
	build successfully !

[2022-04-13 22:49:21]	[done]
	build successfully !

[2022-04-13 23:00:14]	[done]
	build successfully !

[2022-04-13 23:02:26]	[done]
	build successfully !

[2022-04-13 23:03:32]	[done]
	build successfully !

[2022-04-13 23:06:49]	[done]
	build successfully !

[2022-04-13 23:21:38]	[done]
	build successfully !

[2022-04-13 23:29:37]	[done]
	build successfully !

[2022-04-13 23:32:27]	[done]
	build successfully !

[2022-04-13 23:32:37]	[done]
	build successfully !

[2022-04-13 23:33:05]	[done]
	build successfully !

