[2022-04-18 16:03:30]	[done]
	build successfully !

[2022-04-18 17:46:40]	compilation failed at : "c:\Users\Administrator\Desktop\C51-learning\include\DS1302.c", exit code: 2
  at unify_builder.Program.Main (System.String[] args) [0x018f4] in <82200d7cd0cf4a279c5fb9fc299a656f>:0 
---
C51 COMPILER V9.60.0.0 - SN: K1DZC-UVG34C
COPYRIGHT Copyright (C) 2012 - 2019 ARM Ltd and ARM Germany GmbH. All rights reserved.
*** ERROR C141 IN LINE 10 OF .\..\INCLUDE\DS1302.C: syntax error near ')', expected '<id>'
*** ERROR C141 IN LINE 19 OF .\..\INCLUDE\DS1302.C: syntax error near 'data', expected 'sizeof'
*** ERROR C190 IN LINE 19 OF .\..\INCLUDE\DS1302.C: '&': not an lvalue
*** ERROR C141 IN LINE 26 OF .\..\INCLUDE\DS1302.C: syntax error near '=', expected '<id>'
*** ERROR C141 IN LINE 38 OF .\..\INCLUDE\DS1302.C: syntax error near 'data', expected '__asm'
*** ERROR C141 IN LINE 41 OF .\..\INCLUDE\DS1302.C: syntax error near 'data', expected ';'
C51 COMPILATION COMPLETE.  0 WARNING(S),  6 ERROR(S)

[2022-04-18 17:48:11]	compilation failed at : "c:\Users\Administrator\Desktop\C51-learning\include\DS1302.c", exit code: 2
  at unify_builder.Program.Main (System.String[] args) [0x018f4] in <82200d7cd0cf4a279c5fb9fc299a656f>:0 
---
C51 COMPILER V9.60.0.0 - SN: K1DZC-UVG34C
COPYRIGHT Copyright (C) 2012 - 2019 ARM Ltd and ARM Germany GmbH. All rights reserved.
*** ERROR C141 IN LINE 4 OF .\..\INCLUDE\DS1302.h: syntax error near ')', expected '<id>'
*** ERROR C141 IN LINE 11 OF .\..\INCLUDE\DS1302.C: syntax error near ')', expected '<id>'
*** ERROR C141 IN LINE 20 OF .\..\INCLUDE\DS1302.C: syntax error near 'data', expected 'sizeof'
*** ERROR C190 IN LINE 20 OF .\..\INCLUDE\DS1302.C: '&': not an lvalue
*** ERROR C141 IN LINE 27 OF .\..\INCLUDE\DS1302.C: syntax error near '=', expected '<id>'
*** ERROR C141 IN LINE 39 OF .\..\INCLUDE\DS1302.C: syntax error near 'data', expected '__asm'
*** ERROR C141 IN LINE 42 OF .\..\INCLUDE\DS1302.C: syntax error near 'data', expected ';'
C51 COMPILATION COMPLETE.  0 WARNING(S),  7 ERROR(S)

[2022-04-18 17:48:19]	compilation failed at : "c:\Users\Administrator\Desktop\C51-learning\include\DS1302.c", exit code: 2
  at unify_builder.Program.Main (System.String[] args) [0x018f4] in <82200d7cd0cf4a279c5fb9fc299a656f>:0 
---
C51 COMPILER V9.60.0.0 - SN: K1DZC-UVG34C
COPYRIGHT Copyright (C) 2012 - 2019 ARM Ltd and ARM Germany GmbH. All rights reserved.
*** ERROR C141 IN LINE 4 OF .\..\INCLUDE\DS1302.h: syntax error near ')', expected '<id>'
*** ERROR C141 IN LINE 11 OF .\..\INCLUDE\DS1302.C: syntax error near ')', expected '<id>'
*** ERROR C141 IN LINE 20 OF .\..\INCLUDE\DS1302.C: syntax error near 'data', expected 'sizeof'
*** ERROR C190 IN LINE 20 OF .\..\INCLUDE\DS1302.C: '&': not an lvalue
*** ERROR C141 IN LINE 27 OF .\..\INCLUDE\DS1302.C: syntax error near '=', expected '<id>'
*** ERROR C141 IN LINE 39 OF .\..\INCLUDE\DS1302.C: syntax error near 'data', expected '__asm'
*** ERROR C141 IN LINE 42 OF .\..\INCLUDE\DS1302.C: syntax error near 'data', expected ';'
C51 COMPILATION COMPLETE.  0 WARNING(S),  7 ERROR(S)

[2022-04-18 18:09:14]	[done]
	build successfully !

[2022-04-18 18:09:31]	[done]
	build successfully !

[2022-04-18 18:14:41]	[done]
	build successfully !

[2022-04-18 18:15:19]	[done]
	build successfully !

[2022-04-18 18:15:46]	[done]
	build successfully !

[2022-04-18 18:20:11]	[done]
	build successfully !

[2022-04-18 18:22:13]	[done]
	build successfully !

[2022-04-18 18:23:45]	[done]
	build successfully !

[2022-04-18 18:25:12]	[done]
	build successfully !

