[2022-04-08 11:46:44]	[done]
	build successfully !

[2022-04-08 12:11:30]	[done]
	build successfully !

[2022-04-08 12:12:13]	[done]
	build successfully !

[2022-04-08 12:14:00]	compilation failed at : "c:\Users\Administrator\Desktop\51单片机学习\1-1按键控制led灯亮灭\src\main.c", exit code: 2
  at unify_builder.Program.Main (System.String[] args) [0x018f4] in <5ad0758a213a4017a4a43a71c811e836>:0 
---
C51 COMPILER V9.60.0.0 - SN: K1DZC-UVG34C
COPYRIGHT Copyright (C) 2012 - 2019 ARM Ltd and ARM Germany GmbH. All rights reserved.
*** ERROR C141 IN LINE 21 OF .\SRC\MAIN.C: syntax error near 'void', expected ';'
C51 COMPILATION COMPLETE.  0 WARNING(S),  1 ERROR(S)

[2022-04-08 12:15:02]	[done]
	build successfully !

[2022-04-08 12:17:32]	compilation failed at : "c:\Users\Administrator\Desktop\51单片机学习\1-1按键控制led灯亮灭\src\delay.c", exit code: 2
  at unify_builder.Program.Main (System.String[] args) [0x018f4] in <5ad0758a213a4017a4a43a71c811e836>:0 
---
C51 COMPILER V9.60.0.0 - SN: K1DZC-UVG34C
COPYRIGHT Copyright (C) 2012 - 2019 ARM Ltd and ARM Germany GmbH. All rights reserved.
*** ERROR C141 IN LINE 16 OF .\SRC\DELAY.C: syntax error near 'int', expected 'sizeof'
*** ERROR C202 IN LINE 16 OF .\SRC\DELAY.C: 'i': undefined identifier
*** ERROR C202 IN LINE 16 OF .\SRC\DELAY.C: 'i': undefined identifier
*** ERROR C202 IN LINE 16 OF .\SRC\DELAY.C: 'i': undefined identifier
*** ERROR C141 IN LINE 16 OF .\SRC\DELAY.C: syntax error near ')', expected ';'
*** ERROR C141 IN LINE 17 OF .\SRC\DELAY.C: syntax error near 'int', expected 'sizeof'
*** ERROR C202 IN LINE 17 OF .\SRC\DELAY.C: 'j': undefined identifier
*** ERROR C202 IN LINE 17 OF .\SRC\DELAY.C: 'j': undefined identifier
*** ERROR C141 IN LINE 17 OF .\SRC\DELAY.C: syntax error near ')', expected ';'
C51 COMPILATION COMPLETE.  0 WARNING(S),  9 ERROR(S)

[2022-04-08 12:18:21]	compilation failed at : "c:\Users\Administrator\Desktop\51单片机学习\1-1按键控制led灯亮灭\src\delay.c", exit code: 2
  at unify_builder.Program.Main (System.String[] args) [0x018f4] in <5ad0758a213a4017a4a43a71c811e836>:0 
---
C51 COMPILER V9.60.0.0 - SN: K1DZC-UVG34C
COPYRIGHT Copyright (C) 2012 - 2019 ARM Ltd and ARM Germany GmbH. All rights reserved.
*** ERROR C141 IN LINE 17 OF .\SRC\DELAY.C: syntax error near 'int', expected 'sizeof'
*** ERROR C141 IN LINE 17 OF .\SRC\DELAY.C: syntax error near ')', expected ';'
*** ERROR C141 IN LINE 18 OF .\SRC\DELAY.C: syntax error near 'int', expected 'sizeof'
*** ERROR C141 IN LINE 18 OF .\SRC\DELAY.C: syntax error near ')', expected ';'
C51 COMPILATION COMPLETE.  0 WARNING(S),  4 ERROR(S)

[2022-04-08 12:18:51]	[done]
	build successfully !

[2022-04-08 12:24:02]	[done]
	build successfully !

[2022-04-12 10:17:09]	[done]
	build successfully !

