[2022-04-08 18:14:41]	compilation failed at : "c:\Users\Administrator\Desktop\51单片机学习\4-1静态数码管显示\src\main.c", exit code: 2
  at unify_builder.Program.Main (System.String[] args) [0x018f4] in <5ad0758a213a4017a4a43a71c811e836>:0 
---
C51 COMPILER V9.60.0.0 - SN: K1DZC-UVG34C
COPYRIGHT Copyright (C) 2012 - 2019 ARM Ltd and ARM Germany GmbH. All rights reserved.
*** ERROR C141 IN LINE 14 OF .\SRC\MAIN.C: syntax error near '=', expected ';'
*** ERROR C141 IN LINE 15 OF .\SRC\MAIN.C: syntax error near '=', expected ';'
*** ERROR C141 IN LINE 16 OF .\SRC\MAIN.C: syntax error near '=', expected ';'
C51 COMPILATION COMPLETE.  0 WARNING(S),  3 ERROR(S)

[2022-04-08 18:16:21]	compilation failed at : "c:\Users\Administrator\Desktop\51单片机学习\4-1静态数码管显示\src\main.c", exit code: 2
  at unify_builder.Program.Main (System.String[] args) [0x018f4] in <5ad0758a213a4017a4a43a71c811e836>:0 
---
C51 COMPILER V9.60.0.0 - SN: K1DZC-UVG34C
COPYRIGHT Copyright (C) 2012 - 2019 ARM Ltd and ARM Germany GmbH. All rights reserved.
*** ERROR C141 IN LINE 14 OF .\SRC\MAIN.C: syntax error near '=', expected ';'
*** ERROR C141 IN LINE 15 OF .\SRC\MAIN.C: syntax error near '=', expected ';'
*** ERROR C141 IN LINE 16 OF .\SRC\MAIN.C: syntax error near '=', expected ';'
C51 COMPILATION COMPLETE.  0 WARNING(S),  3 ERROR(S)

[2022-04-08 18:16:49]	compilation failed at : "c:\Users\Administrator\Desktop\51单片机学习\4-1静态数码管显示\src\main.c", exit code: 2
  at unify_builder.Program.Main (System.String[] args) [0x018f4] in <5ad0758a213a4017a4a43a71c811e836>:0 
---
C51 COMPILER V9.60.0.0 - SN: K1DZC-UVG34C
COPYRIGHT Copyright (C) 2012 - 2019 ARM Ltd and ARM Germany GmbH. All rights reserved.
*** ERROR C141 IN LINE 13 OF .\SRC\MAIN.C: syntax error near '=', expected ';'
*** ERROR C141 IN LINE 14 OF .\SRC\MAIN.C: syntax error near '=', expected ';'
*** ERROR C141 IN LINE 15 OF .\SRC\MAIN.C: syntax error near '=', expected ';'
C51 COMPILATION COMPLETE.  0 WARNING(S),  3 ERROR(S)

[2022-04-08 18:17:04]	compilation failed at : "c:\Users\Administrator\Desktop\51单片机学习\4-1静态数码管显示\src\main.c", exit code: 2
  at unify_builder.Program.Main (System.String[] args) [0x018f4] in <5ad0758a213a4017a4a43a71c811e836>:0 
---
C51 COMPILER V9.60.0.0 - SN: K1DZC-UVG34C
COPYRIGHT Copyright (C) 2012 - 2019 ARM Ltd and ARM Germany GmbH. All rights reserved.
*** ERROR C141 IN LINE 13 OF .\SRC\MAIN.C: syntax error near '=', expected ';'
*** ERROR C141 IN LINE 14 OF .\SRC\MAIN.C: syntax error near '=', expected ';'
*** ERROR C141 IN LINE 15 OF .\SRC\MAIN.C: syntax error near '=', expected ';'
C51 COMPILATION COMPLETE.  0 WARNING(S),  3 ERROR(S)

[2022-04-08 18:24:24]	[done]
	build successfully !

[2022-04-08 18:43:47]	compilation failed at : "c:\Users\Administrator\Desktop\51单片机学习\4-1静态数码管显示\src\main.c", exit code: 2
  at unify_builder.Program.Main (System.String[] args) [0x018f4] in <5ad0758a213a4017a4a43a71c811e836>:0 
---
C51 COMPILER V9.60.0.0 - SN: K1DZC-UVG34C
COPYRIGHT Copyright (C) 2012 - 2019 ARM Ltd and ARM Germany GmbH. All rights reserved.
*** ERROR C141 IN LINE 18 OF .\SRC\MAIN.C: syntax error near 'while', expected ';'
C51 COMPILATION COMPLETE.  0 WARNING(S),  1 ERROR(S)

[2022-04-08 18:43:52]	[done]
	build successfully !

[2022-04-08 18:45:38]	[done]
	build successfully !

[2022-04-08 18:57:43]	[done]
	build successfully !

[2022-04-08 19:13:02]	[done]
	build successfully !

[2022-04-08 19:30:18]	[done]
	build successfully !

[2022-04-08 19:30:47]	[done]
	build successfully !

[2022-04-08 19:54:36]	[done]
	build successfully !

[2022-04-08 19:57:27]	[done]
	build successfully !

[2022-04-08 19:57:55]	[done]
	build successfully !

[2022-04-08 20:01:15]	[done]
	build successfully !

[2022-04-08 20:03:30]	[done]
	build successfully !

[2022-04-08 20:15:43]	compilation failed at : "c:\Users\Administrator\Desktop\51单片机学习\4-1静态数码管显示\src\main.c", exit code: 2
  at unify_builder.Program.Main (System.String[] args) [0x018f4] in <5ad0758a213a4017a4a43a71c811e836>:0 
---
C51 COMPILER V9.60.0.0 - SN: K1DZC-UVG34C
COPYRIGHT Copyright (C) 2012 - 2019 ARM Ltd and ARM Germany GmbH. All rights reserved.
*** ERROR C251 IN LINE 16 OF .\SRC\MAIN.C: illegal octal digit
C51 COMPILATION COMPLETE.  0 WARNING(S),  1 ERROR(S)

[2022-04-08 20:16:05]	compilation failed at : "c:\Users\Administrator\Desktop\51单片机学习\4-1静态数码管显示\src\main.c", exit code: 2
  at unify_builder.Program.Main (System.String[] args) [0x018f4] in <5ad0758a213a4017a4a43a71c811e836>:0 
---
C51 COMPILER V9.60.0.0 - SN: K1DZC-UVG34C
COPYRIGHT Copyright (C) 2012 - 2019 ARM Ltd and ARM Germany GmbH. All rights reserved.
*** ERROR C251 IN LINE 16 OF .\SRC\MAIN.C: illegal octal digit
C51 COMPILATION COMPLETE.  0 WARNING(S),  1 ERROR(S)

[2022-04-08 20:16:25]	[done]
	build successfully !

[2022-04-08 20:19:26]	[done]
	build successfully !

[2022-04-08 20:20:02]	[done]
	build successfully !

[2022-04-08 20:28:53]	[done]
	build successfully !

[2022-04-08 20:42:25]	[done]
	build successfully !

[2022-04-08 20:44:33]	[done]
	build successfully !

[2022-04-08 20:47:32]	[done]
	build successfully !

[2022-04-08 20:52:59]	[done]
	build successfully !

[2022-04-08 20:53:52]	[done]
	build successfully !

[2022-04-08 20:57:55]	[done]
	build successfully !

[2022-04-08 21:07:20]	[done]
	build successfully !

[2022-04-08 21:19:10]	[done]
	build successfully !

[2022-04-08 21:20:17]	[done]
	build successfully !

[2022-04-08 21:21:09]	[done]
	build successfully !

[2022-04-08 21:24:49]	compilation failed at : "c:\Users\Administrator\Desktop\51单片机学习\4-1静态数码管显示\src\main.c", exit code: 2
  at unify_builder.Program.Main (System.String[] args) [0x018f4] in <5ad0758a213a4017a4a43a71c811e836>:0 
---
C51 COMPILER V9.60.0.0 - SN: K1DZC-UVG34C
COPYRIGHT Copyright (C) 2012 - 2019 ARM Ltd and ARM Germany GmbH. All rights reserved.
*** ERROR C141 IN LINE 14 OF .\SRC\MAIN.C: syntax error near 'void', expected ';'
*** ERROR C141 IN LINE 14 OF .\SRC\MAIN.C: syntax error near '{', expected ';'
*** ERROR C141 IN LINE 16 OF .\SRC\MAIN.C: syntax error near '{', expected ';'
*** ERROR C231 IN LINE 17 OF .\SRC\MAIN.C: 'P24': redefinition
*** ERROR C231 IN LINE 17 OF .\SRC\MAIN.C: 'P24': redefinition
*** ERROR C231 IN LINE 17 OF .\SRC\MAIN.C: 'P23': redefinition
*** ERROR C231 IN LINE 17 OF .\SRC\MAIN.C: 'P23': redefinition
*** ERROR C231 IN LINE 17 OF .\SRC\MAIN.C: 'P22': redefinition
*** ERROR C231 IN LINE 17 OF .\SRC\MAIN.C: 'P22': redefinition
*** ERROR C141 IN LINE 17 OF .\SRC\MAIN.C: syntax error near 'break', expected 'hdata'
*** ERROR C279 IN LINE 18 OF .\SRC\MAIN.C: 'P24': multiple initialization
*** ERROR C231 IN LINE 18 OF .\SRC\MAIN.C: 'P24': redefinition
*** ERROR C231 IN LINE 18 OF .\SRC\MAIN.C: 'P24': redefinition
*** ERROR C279 IN LINE 18 OF .\SRC\MAIN.C: 'P23': multiple initialization
*** ERROR C231 IN LINE 18 OF .\SRC\MAIN.C: 'P23': redefinition
*** ERROR C231 IN LINE 18 OF .\SRC\MAIN.C: 'P23': redefinition
*** ERROR C279 IN LINE 18 OF .\SRC\MAIN.C: 'P22': multiple initialization
*** ERROR C231 IN LINE 18 OF .\SRC\MAIN.C: 'P22': redefinition
*** ERROR C231 IN LINE 18 OF .\SRC\MAIN.C: 'P22': redefinition
*** ERROR C141 IN LINE 18 OF .\SRC\MAIN.C: syntax error near 'break', expected 'hdata'
*** ERROR C279 IN LINE 19 OF .\SRC\MAIN.C: 'P24': multiple initialization
*** ERROR C231 IN LINE 19 OF .\SRC\MAIN.C: 'P24': redefinition
*** ERROR C231 IN LINE 19 OF .\SRC\MAIN.C: 'P24': redefinition
*** ERROR C279 IN LINE 19 OF .\SRC\MAIN.C: 'P23': multiple initialization
*** ERROR C231 IN LINE 19 OF .\SRC\MAIN.C: 'P23': redefinition
*** ERROR C231 IN LINE 19 OF .\SRC\MAIN.C: 'P23': redefinition
*** ERROR C279 IN LINE 19 OF .\SRC\MAIN.C: 'P22': multiple initialization
*** ERROR C231 IN LINE 19 OF .\SRC\MAIN.C: 'P22': redefinition
*** ERROR C231 IN LINE 19 OF .\SRC\MAIN.C: 'P22': redefinition
*** ERROR C141 IN LINE 19 OF .\SRC\MAIN.C: syntax error near 'break', expected 'hdata'
*** ERROR C279 IN LINE 20 OF .\SRC\MAIN.C: 'P24': multiple initialization
*** ERROR C231 IN LINE 20 OF .\SRC\MAIN.C: 'P24': redefinition
*** ERROR C231 IN LINE 20 OF .\SRC\MAIN.C: 'P24': redefinition
*** ERROR C279 IN LINE 20 OF .\SRC\MAIN.C: 'P23': multiple initialization
*** ERROR C231 IN LINE 20 OF .\SRC\MAIN.C: 'P23': redefinition
*** ERROR C231 IN LINE 20 OF .\SRC\MAIN.C: 'P23': redefinition
*** ERROR C279 IN LINE 20 OF .\SRC\MAIN.C: 'P22': multiple initialization
*** ERROR C231 IN LINE 20 OF .\SRC\MAIN.C: 'P22': redefinition
*** ERROR C231 IN LINE 20 OF .\SRC\MAIN.C: 'P22': redefinition
*** ERROR C141 IN LINE 20 OF .\SRC\MAIN.C: syntax error near 'break', expected 'hdata'
*** ERROR C279 IN LINE 21 OF .\SRC\MAIN.C: 'P24': multiple initialization
*** ERROR C231 IN LINE 21 OF .\SRC\MAIN.C: 'P24': redefinition
*** ERROR C231 IN LINE 21 OF .\SRC\MAIN.C: 'P24': redefinition
*** ERROR C279 IN LINE 21 OF .\SRC\MAIN.C: 'P23': multiple initialization
*** ERROR C231 IN LINE 21 OF .\SRC\MAIN.C: 'P23': redefinition
*** ERROR C231 IN LINE 21 OF .\SRC\MAIN.C: 'P23': redefinition
*** ERROR C279 IN LINE 21 OF .\SRC\MAIN.C: 'P22': multiple initialization
*** ERROR C231 IN LINE 21 OF .\SRC\MAIN.C: 'P22': redefinition
*** ERROR C231 IN LINE 21 OF .\SRC\MAIN.C: 'P22': redefinition
*** ERROR C141 IN LINE 21 OF .\SRC\MAIN.C: syntax error near 'break', expected 'hdata'
*** ERROR C279 IN LINE 22 OF .\SRC\MAIN.C: 'P24': multiple initialization
*** ERROR C231 IN LINE 22 OF .\SRC\MAIN.C: 'P24': redefinition
*** ERROR C231 IN LINE 22 OF .\SRC\MAIN.C: 'P24': redefinition
*** ERROR C279 IN LINE 22 OF .\SRC\MAIN.C: 'P23': multiple initialization
*** ERROR C231 IN LINE 22 OF .\SRC\MAIN.C: 'P23': redefinition
*** ERROR C231 IN LINE 22 OF .\SRC\MAIN.C: 'P23': redefinition
*** ERROR C279 IN LINE 22 OF .\SRC\MAIN.C: 'P22': multiple initialization
*** ERROR C231 IN LINE 22 OF .\SRC\MAIN.C: 'P22': redefinition
*** ERROR C231 IN LINE 22 OF .\SRC\MAIN.C: 'P22': redefinition
*** ERROR C141 IN LINE 22 OF .\SRC\MAIN.C: syntax error near 'break', expected 'hdata'
*** ERROR C279 IN LINE 23 OF .\SRC\MAIN.C: 'P24': multiple initialization
*** ERROR C231 IN LINE 23 OF .\SRC\MAIN.C: 'P24': redefinition
*** ERROR C231 IN LINE 23 OF .\SRC\MAIN.C: 'P24': redefinition
*** ERROR C279 IN LINE 23 OF .\SRC\MAIN.C: 'P23': multiple initialization
*** ERROR C231 IN LINE 23 OF .\SRC\MAIN.C: 'P23': redefinition
*** ERROR C231 IN LINE 23 OF .\SRC\MAIN.C: 'P23': redefinition
*** ERROR C279 IN LINE 23 OF .\SRC\MAIN.C: 'P22': multiple initialization
*** ERROR C231 IN LINE 23 OF .\SRC\MAIN.C: 'P22': redefinition
*** ERROR C231 IN LINE 23 OF .\SRC\MAIN.C: 'P22': redefinition
*** ERROR C141 IN LINE 23 OF .\SRC\MAIN.C: syntax error near 'break', expected 'hdata'
*** ERROR C279 IN LINE 24 OF .\SRC\MAIN.C: 'P24': multiple initialization
*** ERROR C231 IN LINE 24 OF .\SRC\MAIN.C: 'P24': redefinition
*** ERROR C231 IN LINE 24 OF .\SRC\MAIN.C: 'P24': redefinition
*** ERROR C279 IN LINE 24 OF .\SRC\MAIN.C: 'P23': multiple initialization
*** ERROR C231 IN LINE 24 OF .\SRC\MAIN.C: 'P23': redefinition
*** ERROR C231 IN LINE 24 OF .\SRC\MAIN.C: 'P23': redefinition
*** ERROR C279 IN LINE 24 OF .\SRC\MAIN.C: 'P22': multiple initialization
*** ERROR C231 IN LINE 24 OF .\SRC\MAIN.C: 'P22': redefinition
*** ERROR C231 IN LINE 24 OF .\SRC\MAIN.C: 'P22': redefinition
*** ERROR C141 IN LINE 24 OF .\SRC\MAIN.C: syntax error near 'break', expected 'hdata'
*** ERROR C231 IN LINE 27 OF .\SRC\MAIN.C: 'P1': redefinition
*** ERROR C202 IN LINE 27 OF .\SRC\MAIN.C: 'num': undefined identifier
*** ERROR C231 IN LINE 27 OF .\SRC\MAIN.C: 'P1': redefinition
*** ERROR C141 IN LINE 28 OF .\SRC\MAIN.C: syntax error near '}', expected 'hdata'
C51 COMPILATION COMPLETE.  0 WARNING(S),  84 ERROR(S)

[2022-04-08 21:24:56]	[done]
	build successfully !

[2022-04-08 21:26:43]	[done]
	build successfully !

[2022-04-12 00:31:05]	[done]
	build successfully !

[2022-04-12 10:25:09]	[done]
	build successfully !

[2022-04-12 10:26:14]	[done]
	build successfully !

