[2022-04-14 00:46:24]	compilation failed at : "c:\Users\Administrator\Desktop\51单片机学习\8-2电脑通过串口控制led\src\main.c", exit code: 2
  at unify_builder.Program.Main (System.String[] args) [0x018f4] in <82200d7cd0cf4a279c5fb9fc299a656f>:0 
---
C51 COMPILER V9.60.0.0 - SN: K1DZC-UVG34C
COPYRIGHT Copyright (C) 2012 - 2019 ARM Ltd and ARM Germany GmbH. All rights reserved.
*** ERROR C136 IN LINE 13 OF .\SRC\MAIN.C: 'uart_Routine': 'void' on variable
*** ERROR C129 IN LINE 13 OF .\SRC\MAIN.C: missing ';' before '{'
C51 COMPILATION COMPLETE.  0 WARNING(S),  2 ERROR(S)

[2022-04-14 00:46:46]	[done]
	build successfully !

[2022-04-14 00:52:29]	[done]
	build successfully !

[2022-04-14 00:57:42]	compilation failed at : "c:\Users\Administrator\Desktop\51单片机学习\include\uart.c", exit code: 2
  at unify_builder.Program.Main (System.String[] args) [0x018f4] in <82200d7cd0cf4a279c5fb9fc299a656f>:0 
---
C51 COMPILER V9.60.0.0 - SN: K1DZC-UVG34C
COPYRIGHT Copyright (C) 2012 - 2019 ARM Ltd and ARM Germany GmbH. All rights reserved.
*** ERROR C202 IN LINE 7 OF .\..\INCLUDE\UART.C: 'AUXR': undefined identifier
*** ERROR C202 IN LINE 8 OF .\..\INCLUDE\UART.C: 'AUXR': undefined identifier
C51 COMPILATION COMPLETE.  0 WARNING(S),  2 ERROR(S)

[2022-04-14 00:58:00]	[done]
	build successfully !

[2022-04-14 01:01:08]	[done]
	build successfully !

[2022-04-14 01:05:02]	[done]
	build successfully !

[2022-04-14 01:06:04]	[done]
	build successfully !

[2022-04-14 01:06:30]	[done]
	build successfully !

[2022-04-14 01:09:21]	[done]
	build successfully !

[2022-04-14 01:13:04]	[done]
	build successfully !

[2022-04-14 01:15:38]	[done]
	build successfully !

[2022-04-14 01:31:55]	[done]
	build successfully !

[2022-04-14 01:34:46]	[done]
	build successfully !

[2022-04-14 13:59:06]	[done]
	build successfully !

