C51 COMPILER V9.01   MATRIXKEY                                                             04/18/2022 14:54:08 PAGE 1   


C51 COMPILER V9.01, COMPILATION OF MODULE MATRIXKEY
OBJECT MODULE PLACED IN .\build\Debug\__\include\matrixKey.o
COMPILER INVOKED BY: C:\Keil\C51\BIN\C51.exe .\..\INCLUDE\MATRIXKEY.C PRINT(.\build\Debug\__\include\matrixKey.lst) OMF2
                    - TABS(4) CODE NOCOND SYMBOLS OPTIMIZE(8,SPEED) SMALL ROM(LARGE) INCDIR(.\..\..\..\..\..\Keil\C51\INC;.\src;.\..\include)
                    - DEFINE(__UVISION_VERSION=526) OBJECT(.\build\Debug\__\include\matrixKey.o)

line level    source

   1          #include "REG52.H"
   2          #include "delay.h"
   3          unsigned char MatrixKey(){
   4   1          unsigned char keyNum = 0;
   5   1          P1 = 0xFF;  P13 = 0;
   6   1          if (P17 == 0) {delay(20); while (P17 == 0); delay(20); keyNum = 1;}
   7   1          if (P16 == 0) {delay(20); while (P16 == 0); delay(20); keyNum = 5;}
   8   1          if (P15 == 0) {delay(20); while (P15 == 0); delay(20); keyNum = 9;}
   9   1          if (P14 == 0) {delay(20); while (P14 == 0); delay(20); keyNum = 13;}
  10   1          P1 = 0xFF;  P12 = 0;
  11   1          if (P17 == 0) {delay(20); while (P17 == 0); delay(20); keyNum = 2;}
  12   1          if (P16 == 0) {delay(20); while (P16 == 0); delay(20); keyNum = 6;}
  13   1          if (P15 == 0) {delay(20); while (P15 == 0); delay(20); keyNum = 10;}
  14   1          if (P14 == 0) {delay(20); while (P14 == 0); delay(20); keyNum = 14;}
  15   1          P1 = 0xFF;  P11 = 0;
  16   1          if (P17 == 0) {delay(20); while (P17 == 0); delay(20); keyNum = 3;}
  17   1          if (P16 == 0) {delay(20); while (P16 == 0); delay(20); keyNum = 7;}
  18   1          if (P15 == 0) {delay(20); while (P15 == 0); delay(20); keyNum = 11;}
  19   1          if (P14 == 0) {delay(20); while (P14 == 0); delay(20); keyNum = 15;}
  20   1          P1 = 0xFF;  P10 = 0;
  21   1          if (P17 == 0) {delay(20); while (P17 == 0); delay(20); keyNum = 4;}
  22   1          if (P16 == 0) {delay(20); while (P16 == 0); delay(20); keyNum = 8;}
  23   1          if (P15 == 0) {delay(20); while (P15 == 0); delay(20); keyNum = 12;}
  24   1          if (P14 == 0) {delay(20); while (P14 == 0); delay(20); keyNum = 16;}
  25   1          
  26   1          return keyNum;
  27   1      }
C51 COMPILER V9.01   MATRIXKEY                                                             04/18/2022 14:54:08 PAGE 2   

ASSEMBLY LISTING OF GENERATED OBJECT CODE


             ; FUNCTION MatrixKey (BEGIN)
                                           ; SOURCE LINE # 3
                                           ; SOURCE LINE # 4
0000 E4                CLR     A
0001 F500        R     MOV     keyNum,A
                                           ; SOURCE LINE # 5
0003 7590FF            MOV     P1,#0FFH
0006 C293              CLR     P13
                                           ; SOURCE LINE # 6
0008 209713            JB      P17,?C0001
000B 7F14              MOV     R7,#014H
000D FE                MOV     R6,A
000E 120000      E     LCALL   _delay
0011         ?C0002:
0011 3097FD            JNB     P17,?C0002
0014         ?C0003:
0014 7F14              MOV     R7,#014H
0016 7E00              MOV     R6,#00H
0018 120000      E     LCALL   _delay
001B 750001      R     MOV     keyNum,#01H
001E         ?C0001:
                                           ; SOURCE LINE # 7
001E 209614            JB      P16,?C0004
0021 7F14              MOV     R7,#014H
0023 7E00              MOV     R6,#00H
0025 120000      E     LCALL   _delay
0028         ?C0005:
0028 3096FD            JNB     P16,?C0005
002B         ?C0006:
002B 7F14              MOV     R7,#014H
002D 7E00              MOV     R6,#00H
002F 120000      E     LCALL   _delay
0032 750005      R     MOV     keyNum,#05H
0035         ?C0004:
                                           ; SOURCE LINE # 8
0035 209514            JB      P15,?C0007
0038 7F14              MOV     R7,#014H
003A 7E00              MOV     R6,#00H
003C 120000      E     LCALL   _delay
003F         ?C0008:
003F 3095FD            JNB     P15,?C0008
0042         ?C0009:
0042 7F14              MOV     R7,#014H
0044 7E00              MOV     R6,#00H
0046 120000      E     LCALL   _delay
0049 750009      R     MOV     keyNum,#09H
004C         ?C0007:
                                           ; SOURCE LINE # 9
004C 209414            JB      P14,?C0010
004F 7F14              MOV     R7,#014H
0051 7E00              MOV     R6,#00H
0053 120000      E     LCALL   _delay
0056         ?C0011:
0056 3094FD            JNB     P14,?C0011
0059         ?C0012:
0059 7F14              MOV     R7,#014H
005B 7E00              MOV     R6,#00H
005D 120000      E     LCALL   _delay
0060 75000D      R     MOV     keyNum,#0DH
C51 COMPILER V9.01   MATRIXKEY                                                             04/18/2022 14:54:08 PAGE 3   

0063         ?C0010:
                                           ; SOURCE LINE # 10
0063 7590FF            MOV     P1,#0FFH
0066 C292              CLR     P12
                                           ; SOURCE LINE # 11
0068 209714            JB      P17,?C0013
006B 7F14              MOV     R7,#014H
006D 7E00              MOV     R6,#00H
006F 120000      E     LCALL   _delay
0072         ?C0014:
0072 3097FD            JNB     P17,?C0014
0075         ?C0015:
0075 7F14              MOV     R7,#014H
0077 7E00              MOV     R6,#00H
0079 120000      E     LCALL   _delay
007C 750002      R     MOV     keyNum,#02H
007F         ?C0013:
                                           ; SOURCE LINE # 12
007F 209614            JB      P16,?C0016
0082 7F14              MOV     R7,#014H
0084 7E00              MOV     R6,#00H
0086 120000      E     LCALL   _delay
0089         ?C0017:
0089 3096FD            JNB     P16,?C0017
008C         ?C0018:
008C 7F14              MOV     R7,#014H
008E 7E00              MOV     R6,#00H
0090 120000      E     LCALL   _delay
0093 750006      R     MOV     keyNum,#06H
0096         ?C0016:
                                           ; SOURCE LINE # 13
0096 209514            JB      P15,?C0019
0099 7F14              MOV     R7,#014H
009B 7E00              MOV     R6,#00H
009D 120000      E     LCALL   _delay
00A0         ?C0020:
00A0 3095FD            JNB     P15,?C0020
00A3         ?C0021:
00A3 7F14              MOV     R7,#014H
00A5 7E00              MOV     R6,#00H
00A7 120000      E     LCALL   _delay
00AA 75000A      R     MOV     keyNum,#0AH
00AD         ?C0019:
                                           ; SOURCE LINE # 14
00AD 209414            JB      P14,?C0022
00B0 7F14              MOV     R7,#014H
00B2 7E00              MOV     R6,#00H
00B4 120000      E     LCALL   _delay
00B7         ?C0023:
00B7 3094FD            JNB     P14,?C0023
00BA         ?C0024:
00BA 7F14              MOV     R7,#014H
00BC 7E00              MOV     R6,#00H
00BE 120000      E     LCALL   _delay
00C1 75000E      R     MOV     keyNum,#0EH
00C4         ?C0022:
                                           ; SOURCE LINE # 15
00C4 7590FF            MOV     P1,#0FFH
00C7 C291              CLR     P11
                                           ; SOURCE LINE # 16
00C9 209714            JB      P17,?C0025
00CC 7F14              MOV     R7,#014H
C51 COMPILER V9.01   MATRIXKEY                                                             04/18/2022 14:54:08 PAGE 4   

00CE 7E00              MOV     R6,#00H
00D0 120000      E     LCALL   _delay
00D3         ?C0026:
00D3 3097FD            JNB     P17,?C0026
00D6         ?C0027:
00D6 7F14              MOV     R7,#014H
00D8 7E00              MOV     R6,#00H
00DA 120000      E     LCALL   _delay
00DD 750003      R     MOV     keyNum,#03H
00E0         ?C0025:
                                           ; SOURCE LINE # 17
00E0 209614            JB      P16,?C0028
00E3 7F14              MOV     R7,#014H
00E5 7E00              MOV     R6,#00H
00E7 120000      E     LCALL   _delay
00EA         ?C0029:
00EA 3096FD            JNB     P16,?C0029
00ED         ?C0030:
00ED 7F14              MOV     R7,#014H
00EF 7E00              MOV     R6,#00H
00F1 120000      E     LCALL   _delay
00F4 750007      R     MOV     keyNum,#07H
00F7         ?C0028:
                                           ; SOURCE LINE # 18
00F7 209514            JB      P15,?C0031
00FA 7F14              MOV     R7,#014H
00FC 7E00              MOV     R6,#00H
00FE 120000      E     LCALL   _delay
0101         ?C0032:
0101 3095FD            JNB     P15,?C0032
0104         ?C0033:
0104 7F14              MOV     R7,#014H
0106 7E00              MOV     R6,#00H
0108 120000      E     LCALL   _delay
010B 75000B      R     MOV     keyNum,#0BH
010E         ?C0031:
                                           ; SOURCE LINE # 19
010E 209414            JB      P14,?C0034
0111 7F14              MOV     R7,#014H
0113 7E00              MOV     R6,#00H
0115 120000      E     LCALL   _delay
0118         ?C0035:
0118 3094FD            JNB     P14,?C0035
011B         ?C0036:
011B 7F14              MOV     R7,#014H
011D 7E00              MOV     R6,#00H
011F 120000      E     LCALL   _delay
0122 75000F      R     MOV     keyNum,#0FH
0125         ?C0034:
                                           ; SOURCE LINE # 20
0125 7590FF            MOV     P1,#0FFH
0128 C290              CLR     P10
                                           ; SOURCE LINE # 21
012A 209714            JB      P17,?C0037
012D 7F14              MOV     R7,#014H
012F 7E00              MOV     R6,#00H
0131 120000      E     LCALL   _delay
0134         ?C0038:
0134 3097FD            JNB     P17,?C0038
0137         ?C0039:
0137 7F14              MOV     R7,#014H
0139 7E00              MOV     R6,#00H
C51 COMPILER V9.01   MATRIXKEY                                                             04/18/2022 14:54:08 PAGE 5   

013B 120000      E     LCALL   _delay
013E 750004      R     MOV     keyNum,#04H
0141         ?C0037:
                                           ; SOURCE LINE # 22
0141 209614            JB      P16,?C0040
0144 7F14              MOV     R7,#014H
0146 7E00              MOV     R6,#00H
0148 120000      E     LCALL   _delay
014B         ?C0041:
014B 3096FD            JNB     P16,?C0041
014E         ?C0042:
014E 7F14              MOV     R7,#014H
0150 7E00              MOV     R6,#00H
0152 120000      E     LCALL   _delay
0155 750008      R     MOV     keyNum,#08H
0158         ?C0040:
                                           ; SOURCE LINE # 23
0158 209514            JB      P15,?C0043
015B 7F14              MOV     R7,#014H
015D 7E00              MOV     R6,#00H
015F 120000      E     LCALL   _delay
0162         ?C0044:
0162 3095FD            JNB     P15,?C0044
0165         ?C0045:
0165 7F14              MOV     R7,#014H
0167 7E00              MOV     R6,#00H
0169 120000      E     LCALL   _delay
016C 75000C      R     MOV     keyNum,#0CH
016F         ?C0043:
                                           ; SOURCE LINE # 24
016F 209414            JB      P14,?C0046
0172 7F14              MOV     R7,#014H
0174 7E00              MOV     R6,#00H
0176 120000      E     LCALL   _delay
0179         ?C0047:
0179 3094FD            JNB     P14,?C0047
017C         ?C0048:
017C 7F14              MOV     R7,#014H
017E 7E00              MOV     R6,#00H
0180 120000      E     LCALL   _delay
0183 750010      R     MOV     keyNum,#010H
0186         ?C0046:
                                           ; SOURCE LINE # 26
0186 AF00        R     MOV     R7,keyNum
                                           ; SOURCE LINE # 27
0188         ?C0049:
0188 22                RET     
             ; FUNCTION MatrixKey (END)

C51 COMPILER V9.01   MATRIXKEY                                                             04/18/2022 14:54:08 PAGE 6   

NAME                                    CLASS   MSPACE  TYPE    OFFSET  SIZE
====                                    =====   ======  ====    ======  ====


P0 . . . . . . . . . . . . . . . . . .  SFR      DATA   U_CHAR   0080H  1
P1 . . . . . . . . . . . . . . . . . .  SFR      DATA   U_CHAR   0090H  1
P2 . . . . . . . . . . . . . . . . . .  SFR      DATA   U_CHAR   00A0H  1
P3 . . . . . . . . . . . . . . . . . .  SFR      DATA   U_CHAR   00B0H  1
T0 . . . . . . . . . . . . . . . . . .  ABSBIT   -----  BIT      00B4H  1
AC . . . . . . . . . . . . . . . . . .  ABSBIT   -----  BIT      00D6H  1
T1 . . . . . . . . . . . . . . . . . .  ABSBIT   -----  BIT      00B5H  1
T2 . . . . . . . . . . . . . . . . . .  ABSBIT   -----  BIT      0090H  1
EA . . . . . . . . . . . . . . . . . .  ABSBIT   -----  BIT      00AFH  1
IE . . . . . . . . . . . . . . . . . .  SFR      DATA   U_CHAR   00A8H  1
_delay . . . . . . . . . . . . . . . .  EXTERN   CODE   PROC     -----  -----
EXF2 . . . . . . . . . . . . . . . . .  ABSBIT   -----  BIT      00CEH  1
RD . . . . . . . . . . . . . . . . . .  ABSBIT   -----  BIT      00B7H  1
ES . . . . . . . . . . . . . . . . . .  ABSBIT   -----  BIT      00ACH  1
IP . . . . . . . . . . . . . . . . . .  SFR      DATA   U_CHAR   00B8H  1
RI . . . . . . . . . . . . . . . . . .  ABSBIT   -----  BIT      0098H  1
INT0 . . . . . . . . . . . . . . . . .  ABSBIT   -----  BIT      00B2H  1
CY . . . . . . . . . . . . . . . . . .  ABSBIT   -----  BIT      00D7H  1
TI . . . . . . . . . . . . . . . . . .  ABSBIT   -----  BIT      0099H  1
INT1 . . . . . . . . . . . . . . . . .  ABSBIT   -----  BIT      00B3H  1
RCAP2H . . . . . . . . . . . . . . . .  SFR      DATA   U_CHAR   00CBH  1
PS . . . . . . . . . . . . . . . . . .  ABSBIT   -----  BIT      00BCH  1
SP . . . . . . . . . . . . . . . . . .  SFR      DATA   U_CHAR   0081H  1
MatrixKey. . . . . . . . . . . . . . .  PUBLIC   CODE   PROC     0000H  -----
  keyNum . . . . . . . . . . . . . . .  AUTO     DATA   U_CHAR   0000H  1
T2EX . . . . . . . . . . . . . . . . .  ABSBIT   -----  BIT      0091H  1
OV . . . . . . . . . . . . . . . . . .  ABSBIT   -----  BIT      00D2H  1
RCAP2L . . . . . . . . . . . . . . . .  SFR      DATA   U_CHAR   00CAH  1
C_T2 . . . . . . . . . . . . . . . . .  ABSBIT   -----  BIT      00C9H  1
WR . . . . . . . . . . . . . . . . . .  ABSBIT   -----  BIT      00B6H  1
RCLK . . . . . . . . . . . . . . . . .  ABSBIT   -----  BIT      00CDH  1
TCLK . . . . . . . . . . . . . . . . .  ABSBIT   -----  BIT      00CCH  1
P00. . . . . . . . . . . . . . . . . .  ABSBIT   -----  BIT      0080H  1
P01. . . . . . . . . . . . . . . . . .  ABSBIT   -----  BIT      0081H  1
P10. . . . . . . . . . . . . . . . . .  ABSBIT   -----  BIT      0090H  1
SBUF . . . . . . . . . . . . . . . . .  SFR      DATA   U_CHAR   0099H  1
PCON . . . . . . . . . . . . . . . . .  SFR      DATA   U_CHAR   0087H  1
P02. . . . . . . . . . . . . . . . . .  ABSBIT   -----  BIT      0082H  1
P11. . . . . . . . . . . . . . . . . .  ABSBIT   -----  BIT      0091H  1
P20. . . . . . . . . . . . . . . . . .  ABSBIT   -----  BIT      00A0H  1
P03. . . . . . . . . . . . . . . . . .  ABSBIT   -----  BIT      0083H  1
P12. . . . . . . . . . . . . . . . . .  ABSBIT   -----  BIT      0092H  1
P21. . . . . . . . . . . . . . . . . .  ABSBIT   -----  BIT      00A1H  1
P30. . . . . . . . . . . . . . . . . .  ABSBIT   -----  BIT      00B0H  1
P04. . . . . . . . . . . . . . . . . .  ABSBIT   -----  BIT      0084H  1
P13. . . . . . . . . . . . . . . . . .  ABSBIT   -----  BIT      0093H  1
P22. . . . . . . . . . . . . . . . . .  ABSBIT   -----  BIT      00A2H  1
P31. . . . . . . . . . . . . . . . . .  ABSBIT   -----  BIT      00B1H  1
SCON . . . . . . . . . . . . . . . . .  SFR      DATA   U_CHAR   0098H  1
P05. . . . . . . . . . . . . . . . . .  ABSBIT   -----  BIT      0085H  1
P14. . . . . . . . . . . . . . . . . .  ABSBIT   -----  BIT      0094H  1
P23. . . . . . . . . . . . . . . . . .  ABSBIT   -----  BIT      00A3H  1
P32. . . . . . . . . . . . . . . . . .  ABSBIT   -----  BIT      00B2H  1
TMOD . . . . . . . . . . . . . . . . .  SFR      DATA   U_CHAR   0089H  1
TCON . . . . . . . . . . . . . . . . .  SFR      DATA   U_CHAR   0088H  1
P06. . . . . . . . . . . . . . . . . .  ABSBIT   -----  BIT      0086H  1
P15. . . . . . . . . . . . . . . . . .  ABSBIT   -----  BIT      0095H  1
C51 COMPILER V9.01   MATRIXKEY                                                             04/18/2022 14:54:08 PAGE 7   

NAME                                    CLASS   MSPACE  TYPE    OFFSET  SIZE
====                                    =====   ======  ====    ======  ====


P24. . . . . . . . . . . . . . . . . .  ABSBIT   -----  BIT      00A4H  1
P33. . . . . . . . . . . . . . . . . .  ABSBIT   -----  BIT      00B3H  1
P07. . . . . . . . . . . . . . . . . .  ABSBIT   -----  BIT      0087H  1
P16. . . . . . . . . . . . . . . . . .  ABSBIT   -----  BIT      0096H  1
P25. . . . . . . . . . . . . . . . . .  ABSBIT   -----  BIT      00A5H  1
P34. . . . . . . . . . . . . . . . . .  ABSBIT   -----  BIT      00B4H  1
P17. . . . . . . . . . . . . . . . . .  ABSBIT   -----  BIT      0097H  1
P26. . . . . . . . . . . . . . . . . .  ABSBIT   -----  BIT      00A6H  1
P35. . . . . . . . . . . . . . . . . .  ABSBIT   -----  BIT      00B5H  1
P27. . . . . . . . . . . . . . . . . .  ABSBIT   -----  BIT      00A7H  1
P36. . . . . . . . . . . . . . . . . .  ABSBIT   -----  BIT      00B6H  1
P37. . . . . . . . . . . . . . . . . .  ABSBIT   -----  BIT      00B7H  1
IE0. . . . . . . . . . . . . . . . . .  ABSBIT   -----  BIT      0089H  1
IE1. . . . . . . . . . . . . . . . . .  ABSBIT   -----  BIT      008BH  1
B. . . . . . . . . . . . . . . . . . .  SFR      DATA   U_CHAR   00F0H  1
CP_RL2 . . . . . . . . . . . . . . . .  ABSBIT   -----  BIT      00C8H  1
ACC. . . . . . . . . . . . . . . . . .  SFR      DATA   U_CHAR   00E0H  1
ET0. . . . . . . . . . . . . . . . . .  ABSBIT   -----  BIT      00A9H  1
ET1. . . . . . . . . . . . . . . . . .  ABSBIT   -----  BIT      00ABH  1
TF0. . . . . . . . . . . . . . . . . .  ABSBIT   -----  BIT      008DH  1
ET2. . . . . . . . . . . . . . . . . .  ABSBIT   -----  BIT      00ADH  1
TF1. . . . . . . . . . . . . . . . . .  ABSBIT   -----  BIT      008FH  1
TF2. . . . . . . . . . . . . . . . . .  ABSBIT   -----  BIT      00CFH  1
RB8. . . . . . . . . . . . . . . . . .  ABSBIT   -----  BIT      009AH  1
TH0. . . . . . . . . . . . . . . . . .  SFR      DATA   U_CHAR   008CH  1
EX0. . . . . . . . . . . . . . . . . .  ABSBIT   -----  BIT      00A8H  1
IT0. . . . . . . . . . . . . . . . . .  ABSBIT   -----  BIT      0088H  1
TH1. . . . . . . . . . . . . . . . . .  SFR      DATA   U_CHAR   008DH  1
TB8. . . . . . . . . . . . . . . . . .  ABSBIT   -----  BIT      009BH  1
EX1. . . . . . . . . . . . . . . . . .  ABSBIT   -----  BIT      00AAH  1
IT1. . . . . . . . . . . . . . . . . .  ABSBIT   -----  BIT      008AH  1
TH2. . . . . . . . . . . . . . . . . .  SFR      DATA   U_CHAR   00CDH  1
P. . . . . . . . . . . . . . . . . . .  ABSBIT   -----  BIT      00D0H  1
SM0. . . . . . . . . . . . . . . . . .  ABSBIT   -----  BIT      009FH  1
TL0. . . . . . . . . . . . . . . . . .  SFR      DATA   U_CHAR   008AH  1
SM1. . . . . . . . . . . . . . . . . .  ABSBIT   -----  BIT      009EH  1
TL1. . . . . . . . . . . . . . . . . .  SFR      DATA   U_CHAR   008BH  1
SM2. . . . . . . . . . . . . . . . . .  ABSBIT   -----  BIT      009DH  1
TL2. . . . . . . . . . . . . . . . . .  SFR      DATA   U_CHAR   00CCH  1
PT0. . . . . . . . . . . . . . . . . .  ABSBIT   -----  BIT      00B9H  1
PT1. . . . . . . . . . . . . . . . . .  ABSBIT   -----  BIT      00BBH  1
RS0. . . . . . . . . . . . . . . . . .  ABSBIT   -----  BIT      00D3H  1
PT2. . . . . . . . . . . . . . . . . .  ABSBIT   -----  BIT      00BDH  1
TR0. . . . . . . . . . . . . . . . . .  ABSBIT   -----  BIT      008CH  1
RS1. . . . . . . . . . . . . . . . . .  ABSBIT   -----  BIT      00D4H  1
TR1. . . . . . . . . . . . . . . . . .  ABSBIT   -----  BIT      008EH  1
TR2. . . . . . . . . . . . . . . . . .  ABSBIT   -----  BIT      00CAH  1
PX0. . . . . . . . . . . . . . . . . .  ABSBIT   -----  BIT      00B8H  1
PX1. . . . . . . . . . . . . . . . . .  ABSBIT   -----  BIT      00BAH  1
DPH. . . . . . . . . . . . . . . . . .  SFR      DATA   U_CHAR   0083H  1
DPL. . . . . . . . . . . . . . . . . .  SFR      DATA   U_CHAR   0082H  1
EXEN2. . . . . . . . . . . . . . . . .  ABSBIT   -----  BIT      00CBH  1
REN. . . . . . . . . . . . . . . . . .  ABSBIT   -----  BIT      009CH  1
T2CON. . . . . . . . . . . . . . . . .  SFR      DATA   U_CHAR   00C8H  1
RXD. . . . . . . . . . . . . . . . . .  ABSBIT   -----  BIT      00B0H  1
TXD. . . . . . . . . . . . . . . . . .  ABSBIT   -----  BIT      00B1H  1
F0 . . . . . . . . . . . . . . . . . .  ABSBIT   -----  BIT      00D5H  1
C51 COMPILER V9.01   MATRIXKEY                                                             04/18/2022 14:54:08 PAGE 8   

NAME                                    CLASS   MSPACE  TYPE    OFFSET  SIZE
====                                    =====   ======  ====    ======  ====


PSW. . . . . . . . . . . . . . . . . .  SFR      DATA   U_CHAR   00D0H  1


MODULE INFORMATION:   STATIC OVERLAYABLE
   CODE SIZE        =    393    ----
   CONSTANT SIZE    =   ----    ----
   XDATA SIZE       =   ----    ----
   PDATA SIZE       =   ----    ----
   DATA SIZE        =   ----       1
   IDATA SIZE       =   ----    ----
   BIT SIZE         =   ----    ----
   EDATA SIZE       =   ----    ----
   HDATA SIZE       =   ----    ----
   XDATA CONST SIZE =   ----    ----
   FAR CONST SIZE   =   ----    ----
END OF MODULE INFORMATION.


C51 COMPILATION COMPLETE.  0 WARNING(S),  0 ERROR(S)
