[2022-04-14 00:19:28]	[done]
	build successfully !

[2022-04-14 00:24:02]	[done]
	build successfully !

[2022-04-14 00:25:36]	[done]
	build successfully !

[2022-04-14 00:27:21]	[done]
	build successfully !

[2022-04-14 00:32:43]	compilation failed at : "c:\Users\Administrator\Desktop\51单片机学习\8-1串口向电脑发送数据\src\main.c", exit code: 2
  at unify_builder.Program.Main (System.String[] args) [0x018f4] in <82200d7cd0cf4a279c5fb9fc299a656f>:0 
---
C51 COMPILER V9.60.0.0 - SN: K1DZC-UVG34C
COPYRIGHT Copyright (C) 2012 - 2019 ARM Ltd and ARM Germany GmbH. All rights reserved.
*** ERROR C202 IN LINE 7 OF .\SRC\MAIN.C: 'AUXR': undefined identifier
*** ERROR C202 IN LINE 8 OF .\SRC\MAIN.C: 'AUXR': undefined identifier
C51 COMPILATION COMPLETE.  0 WARNING(S),  2 ERROR(S)

[2022-04-14 00:32:53]	[done]
	build successfully !

[2022-04-14 00:38:35]	[done]
	build successfully !

[2022-04-14 00:39:27]	[done]
	build successfully !

[2022-04-14 21:01:22]	[done]
	build successfully !

[2022-04-14 21:07:47]	[done]
	build successfully !

[2022-04-14 21:09:22]	[done]
	build successfully !

[2022-04-14 21:10:39]	[done]
	build successfully !

[2022-04-14 21:15:24]	[done]
	build successfully !

[2022-04-14 21:15:47]	compilation failed at : "c:\Users\Administrator\Desktop\51单片机学习\8-1串口向电脑发送数据\src\main.c", exit code: 2
  at unify_builder.Program.Main (System.String[] args) [0x018f4] in <82200d7cd0cf4a279c5fb9fc299a656f>:0 
---
C51 COMPILER V9.60.0.0 - SN: K1DZC-UVG34C
COPYRIGHT Copyright (C) 2012 - 2019 ARM Ltd and ARM Germany GmbH. All rights reserved.
*** ERROR C101 IN LINE 15 OF .\SRC\MAIN.C: ''\r': invalid character constant
*** ERROR C141 IN LINE 15 OF .\SRC\MAIN.C: syntax error near '\', expected ','
*** ERROR C101 IN LINE 15 OF .\SRC\MAIN.C: '')': invalid character constant
C51 COMPILATION COMPLETE.  0 WARNING(S),  3 ERROR(S)

[2022-04-14 21:16:40]	[done]
	build successfully !

[2022-04-14 21:18:14]	[done]
	build successfully !

[2022-04-14 21:26:34]	[done]
	build successfully !

[2022-04-14 21:32:32]	compilation failed at : "c:\Users\Administrator\Desktop\51单片机学习\include\uart.c", exit code: 2
  at unify_builder.Program.Main (System.String[] args) [0x018f4] in <82200d7cd0cf4a279c5fb9fc299a656f>:0 
---
C51 COMPILER V9.60.0.0 - SN: K1DZC-UVG34C
COPYRIGHT Copyright (C) 2012 - 2019 ARM Ltd and ARM Germany GmbH. All rights reserved.
*** ERROR C202 IN LINE 24 OF .\..\INCLUDE\UART.C: 'charptr': undefined identifier
*** ERROR C202 IN LINE 25 OF .\..\INCLUDE\UART.C: 'charptr': undefined identifier
*** ERROR C202 IN LINE 26 OF .\..\INCLUDE\UART.C: 'charptr': undefined identifier
C51 COMPILATION COMPLETE.  0 WARNING(S),  3 ERROR(S)

[2022-04-14 21:33:00]	[done]
	build successfully !

[2022-04-14 21:35:47]	compilation failed at : "c:\Users\Administrator\Desktop\51单片机学习\include\uart.c", exit code: 2
  at unify_builder.Program.Main (System.String[] args) [0x018f4] in <82200d7cd0cf4a279c5fb9fc299a656f>:0 
---
C51 COMPILER V9.60.0.0 - SN: K1DZC-UVG34C
COPYRIGHT Copyright (C) 2012 - 2019 ARM Ltd and ARM Germany GmbH. All rights reserved.
*** ERROR C141 IN LINE 23 OF .\..\INCLUDE\UART.C: syntax error near 'isLn', expected ')'
*** ERROR C202 IN LINE 28 OF .\..\INCLUDE\UART.C: 'isLn': undefined identifier
C51 COMPILATION COMPLETE.  0 WARNING(S),  2 ERROR(S)

[2022-04-14 21:36:41]	compilation failed at : "c:\Users\Administrator\Desktop\51单片机学习\include\uart.c", exit code: 2
  at unify_builder.Program.Main (System.String[] args) [0x018f4] in <82200d7cd0cf4a279c5fb9fc299a656f>:0 
---
C51 COMPILER V9.60.0.0 - SN: K1DZC-UVG34C
COPYRIGHT Copyright (C) 2012 - 2019 ARM Ltd and ARM Germany GmbH. All rights reserved.
*** ERROR C141 IN LINE 23 OF .\..\INCLUDE\UART.C: syntax error near '=', expected ')'
C51 COMPILATION COMPLETE.  0 WARNING(S),  1 ERROR(S)

[2022-04-14 21:37:39]	compilation failed at : "c:\Users\Administrator\Desktop\51单片机学习\include\uart.c", exit code: 2
  at unify_builder.Program.Main (System.String[] args) [0x018f4] in <82200d7cd0cf4a279c5fb9fc299a656f>:0 
---
C51 COMPILER V9.60.0.0 - SN: K1DZC-UVG34C
COPYRIGHT Copyright (C) 2012 - 2019 ARM Ltd and ARM Germany GmbH. All rights reserved.
*** ERROR C141 IN LINE 23 OF .\..\INCLUDE\UART.C: syntax error near '=', expected ')'
C51 COMPILATION COMPLETE.  0 WARNING(S),  1 ERROR(S)

[2022-04-14 21:51:47]	[done]
	build successfully !

[2022-04-14 21:58:54]	[done]
	build successfully !

[2022-04-14 21:59:56]	[done]
	build successfully !

[2022-04-14 22:03:41]	[done]
	build successfully !

[2022-04-14 22:07:55]	[done]
	build successfully !

[2022-04-14 22:08:25]	[done]
	build successfully !

[2022-04-16 14:33:13]	[done]
	build successfully !

