[2022-04-13 15:17:26]	compilation failed at : "c:\Users\Administrator\Desktop\51单片机学习\6-1矩阵键盘\src\delay.c", exit code: 2
  at unify_builder.Program.Main (System.String[] args) [0x018f4] in <82200d7cd0cf4a279c5fb9fc299a656f>:0 
---
C51 COMPILER V9.60.0.0 - SN: K1DZC-UVG34C
COPYRIGHT Copyright (C) 2012 - 2019 ARM Ltd and ARM Germany GmbH. All rights reserved.
*** ERROR C237 IN LINE 23 OF .\SRC\DELAY.C: '_delay': function already has a body
C51 COMPILATION COMPLETE.  0 WARNING(S),  1 ERROR(S)

[2022-04-13 15:18:10]	compilation failed at : "c:\Users\Administrator\Desktop\51单片机学习\6-1矩阵键盘\src\delay.c", exit code: 2
  at unify_builder.Program.Main (System.String[] args) [0x018f4] in <82200d7cd0cf4a279c5fb9fc299a656f>:0 
---
C51 COMPILER V9.60.0.0 - SN: K1DZC-UVG34C
COPYRIGHT Copyright (C) 2012 - 2019 ARM Ltd and ARM Germany GmbH. All rights reserved.
*** ERROR C237 IN LINE 23 OF .\SRC\DELAY.C: '_delay': function already has a body
C51 COMPILATION COMPLETE.  0 WARNING(S),  1 ERROR(S)

[2022-04-13 15:18:59]	[done]
	build successfully !

[2022-04-13 15:21:11]	[done]
	build successfully !

[2022-04-13 15:39:52]	[done]
	build successfully !

[2022-04-13 15:41:05]	[done]
	build successfully !

[2022-04-13 15:42:24]	[done]
	build successfully !

[2022-04-13 15:44:17]	[done]
	build successfully !

[2022-04-13 15:51:23]	[done]
	build successfully !

[2022-04-13 17:44:32]	[done]
	build successfully !

