C51 COMPILER V9.01   NIXIETUBE                                                             04/18/2022 16:03:29 PAGE 1   


C51 COMPILER V9.01, COMPILATION OF MODULE NIXIETUBE
OBJECT MODULE PLACED IN .\build\Debug\__\include\nixieTube.o
COMPILER INVOKED BY: C:\Keil\C51\BIN\C51.exe .\..\INCLUDE\NIXIETUBE.C PRINT(.\build\Debug\__\include\nixieTube.lst) OMF2
                    - TABS(4) CODE NOCOND SYMBOLS OPTIMIZE(8,SPEED) SMALL ROM(LARGE) INCDIR(.\..\..\..\..\..\Keil\C51\INC;.\src;.\..\include)
                    - DEFINE(__UVISION_VERSION=526) OBJECT(.\build\Debug\__\include\nixieTube.o)

line level    source

   1          #include "REG52.H"
   2          #include "nixieTube.h"
   3          #include "delay.h"
   4          
   5          unsigned char nixieTubeTable[] = {0x3f,0x06,0x5b,0x4f,0x66,0x6d,0x7d,0x07,0x7f,0x6f};
   6          void nixieTube(unsigned char pos,unsigned char num){
   7   1          switch (pos)
   8   1          {
   9   2          case 8:P24 = 1;P23 = 1;P22 = 1; break;
  10   2          case 7:P24 = 1;P23 = 1;P22 = 0; break;
  11   2          case 6:P24 = 1;P23 = 0;P22 = 1; break;
  12   2          case 5:P24 = 1;P23 = 0;P22 = 0; break;
  13   2          case 4:P24 = 0;P23 = 1;P22 = 1; break;
  14   2          case 3:P24 = 0;P23 = 1;P22 = 0; break;
  15   2          case 2:P24 = 0;P23 = 0;P22 = 1; break;
  16   2          case 1:P24 = 0;P23 = 0;P22 = 0; break;
  17   2          default:break;
  18   2          }
  19   1          P1 = nixieTubeTable[num];   
  20   1          delay(1);
  21   1          P1 = 0x00;
  22   1      }
C51 COMPILER V9.01   NIXIETUBE                                                             04/18/2022 16:03:29 PAGE 2   

ASSEMBLY LISTING OF GENERATED OBJECT CODE


             ; FUNCTION _nixieTube (BEGIN)
                                           ; SOURCE LINE # 6
;---- Variable 'num' assigned to Register 'R5' ----
;---- Variable 'pos' assigned to Register 'R7' ----
                                           ; SOURCE LINE # 7
0000 EF                MOV     A,R7
0001 14                DEC     A
0002 B40800            CJNE    A,#08H,?C0012
0005         ?C0012:
0005 5054              JNC     ?C0001
0007 900000      R     MOV     DPTR,#?C0013
000A 75F003            MOV     B,#03H
000D A4                MUL     AB
000E C583              XCH     A,DPH
0010 25F0              ADD     A,B
0012 C583              XCH     A,DPH
0014 73                JMP     @A+DPTR
0015         ?C0013:
0015 020000      R     LJMP    ?C0009
0018 020000      R     LJMP    ?C0008
001B 020000      R     LJMP    ?C0007
001E 020000      R     LJMP    ?C0006
0021 020000      R     LJMP    ?C0005
0024 020000      R     LJMP    ?C0004
0027 020000      R     LJMP    ?C0003
002A 020000      R     LJMP    ?C0002
                                           ; SOURCE LINE # 8
                                           ; SOURCE LINE # 9
002D         ?C0002:
002D D2A4              SETB    P24
002F 800E              SJMP    ?C0014
                                           ; SOURCE LINE # 10
0031         ?C0003:
0031 D2A4              SETB    P24
0033 8012              SJMP    ?C0015
                                           ; SOURCE LINE # 11
0035         ?C0004:
0035 D2A4              SETB    P24
0037 8016              SJMP    ?C0016
                                           ; SOURCE LINE # 12
0039         ?C0005:
0039 D2A4              SETB    P24
003B 801A              SJMP    ?C0017
                                           ; SOURCE LINE # 13
003D         ?C0006:
003D C2A4              CLR     P24
003F         ?C0014:
003F D2A3              SETB    P23
0041 D2A2              SETB    P22
0043 8016              SJMP    ?C0001
                                           ; SOURCE LINE # 14
0045         ?C0007:
0045 C2A4              CLR     P24
0047         ?C0015:
0047 D2A3              SETB    P23
0049 C2A2              CLR     P22
004B 800E              SJMP    ?C0001
                                           ; SOURCE LINE # 15
004D         ?C0008:
C51 COMPILER V9.01   NIXIETUBE                                                             04/18/2022 16:03:29 PAGE 3   

004D C2A4              CLR     P24
004F         ?C0016:
004F C2A3              CLR     P23
0051 D2A2              SETB    P22
0053 8006              SJMP    ?C0001
                                           ; SOURCE LINE # 16
0055         ?C0009:
0055 C2A4              CLR     P24
0057         ?C0017:
0057 C2A3              CLR     P23
0059 C2A2              CLR     P22
                                           ; SOURCE LINE # 17
                                           ; SOURCE LINE # 18
005B         ?C0001:
                                           ; SOURCE LINE # 19
005B 7400        R     MOV     A,#LOW nixieTubeTable
005D 2D                ADD     A,R5
005E F8                MOV     R0,A
005F E6                MOV     A,@R0
0060 F590              MOV     P1,A
                                           ; SOURCE LINE # 20
0062 7F01              MOV     R7,#01H
0064 7E00              MOV     R6,#00H
0066 120000      E     LCALL   _delay
                                           ; SOURCE LINE # 21
0069 E4                CLR     A
006A F590              MOV     P1,A
                                           ; SOURCE LINE # 22
006C 22                RET     
             ; FUNCTION _nixieTube (END)

C51 COMPILER V9.01   NIXIETUBE                                                             04/18/2022 16:03:29 PAGE 4   

NAME                                    CLASS   MSPACE  TYPE    OFFSET  SIZE
====                                    =====   ======  ====    ======  ====


P0 . . . . . . . . . . . . . . . . . .  SFR      DATA   U_CHAR   0080H  1
P1 . . . . . . . . . . . . . . . . . .  SFR      DATA   U_CHAR   0090H  1
P2 . . . . . . . . . . . . . . . . . .  SFR      DATA   U_CHAR   00A0H  1
P3 . . . . . . . . . . . . . . . . . .  SFR      DATA   U_CHAR   00B0H  1
T0 . . . . . . . . . . . . . . . . . .  ABSBIT   -----  BIT      00B4H  1
AC . . . . . . . . . . . . . . . . . .  ABSBIT   -----  BIT      00D6H  1
T1 . . . . . . . . . . . . . . . . . .  ABSBIT   -----  BIT      00B5H  1
T2 . . . . . . . . . . . . . . . . . .  ABSBIT   -----  BIT      0090H  1
EA . . . . . . . . . . . . . . . . . .  ABSBIT   -----  BIT      00AFH  1
IE . . . . . . . . . . . . . . . . . .  SFR      DATA   U_CHAR   00A8H  1
_delay . . . . . . . . . . . . . . . .  EXTERN   CODE   PROC     -----  -----
EXF2 . . . . . . . . . . . . . . . . .  ABSBIT   -----  BIT      00CEH  1
RD . . . . . . . . . . . . . . . . . .  ABSBIT   -----  BIT      00B7H  1
ES . . . . . . . . . . . . . . . . . .  ABSBIT   -----  BIT      00ACH  1
IP . . . . . . . . . . . . . . . . . .  SFR      DATA   U_CHAR   00B8H  1
RI . . . . . . . . . . . . . . . . . .  ABSBIT   -----  BIT      0098H  1
INT0 . . . . . . . . . . . . . . . . .  ABSBIT   -----  BIT      00B2H  1
CY . . . . . . . . . . . . . . . . . .  ABSBIT   -----  BIT      00D7H  1
TI . . . . . . . . . . . . . . . . . .  ABSBIT   -----  BIT      0099H  1
INT1 . . . . . . . . . . . . . . . . .  ABSBIT   -----  BIT      00B3H  1
nixieTubeTable . . . . . . . . . . . .  PUBLIC   DATA   ARRAY    0000H  10
RCAP2H . . . . . . . . . . . . . . . .  SFR      DATA   U_CHAR   00CBH  1
PS . . . . . . . . . . . . . . . . . .  ABSBIT   -----  BIT      00BCH  1
SP . . . . . . . . . . . . . . . . . .  SFR      DATA   U_CHAR   0081H  1
T2EX . . . . . . . . . . . . . . . . .  ABSBIT   -----  BIT      0091H  1
OV . . . . . . . . . . . . . . . . . .  ABSBIT   -----  BIT      00D2H  1
RCAP2L . . . . . . . . . . . . . . . .  SFR      DATA   U_CHAR   00CAH  1
C_T2 . . . . . . . . . . . . . . . . .  ABSBIT   -----  BIT      00C9H  1
WR . . . . . . . . . . . . . . . . . .  ABSBIT   -----  BIT      00B6H  1
RCLK . . . . . . . . . . . . . . . . .  ABSBIT   -----  BIT      00CDH  1
TCLK . . . . . . . . . . . . . . . . .  ABSBIT   -----  BIT      00CCH  1
P00. . . . . . . . . . . . . . . . . .  ABSBIT   -----  BIT      0080H  1
P01. . . . . . . . . . . . . . . . . .  ABSBIT   -----  BIT      0081H  1
P10. . . . . . . . . . . . . . . . . .  ABSBIT   -----  BIT      0090H  1
SBUF . . . . . . . . . . . . . . . . .  SFR      DATA   U_CHAR   0099H  1
PCON . . . . . . . . . . . . . . . . .  SFR      DATA   U_CHAR   0087H  1
P02. . . . . . . . . . . . . . . . . .  ABSBIT   -----  BIT      0082H  1
P11. . . . . . . . . . . . . . . . . .  ABSBIT   -----  BIT      0091H  1
P20. . . . . . . . . . . . . . . . . .  ABSBIT   -----  BIT      00A0H  1
_nixieTube . . . . . . . . . . . . . .  PUBLIC   CODE   PROC     0000H  -----
  pos. . . . . . . . . . . . . . . . .  * REG *  DATA   U_CHAR   0007H  1
  num. . . . . . . . . . . . . . . . .  * REG *  DATA   U_CHAR   0005H  1
P03. . . . . . . . . . . . . . . . . .  ABSBIT   -----  BIT      0083H  1
P12. . . . . . . . . . . . . . . . . .  ABSBIT   -----  BIT      0092H  1
P21. . . . . . . . . . . . . . . . . .  ABSBIT   -----  BIT      00A1H  1
P30. . . . . . . . . . . . . . . . . .  ABSBIT   -----  BIT      00B0H  1
P04. . . . . . . . . . . . . . . . . .  ABSBIT   -----  BIT      0084H  1
P13. . . . . . . . . . . . . . . . . .  ABSBIT   -----  BIT      0093H  1
P22. . . . . . . . . . . . . . . . . .  ABSBIT   -----  BIT      00A2H  1
P31. . . . . . . . . . . . . . . . . .  ABSBIT   -----  BIT      00B1H  1
SCON . . . . . . . . . . . . . . . . .  SFR      DATA   U_CHAR   0098H  1
P05. . . . . . . . . . . . . . . . . .  ABSBIT   -----  BIT      0085H  1
P14. . . . . . . . . . . . . . . . . .  ABSBIT   -----  BIT      0094H  1
P23. . . . . . . . . . . . . . . . . .  ABSBIT   -----  BIT      00A3H  1
P32. . . . . . . . . . . . . . . . . .  ABSBIT   -----  BIT      00B2H  1
TMOD . . . . . . . . . . . . . . . . .  SFR      DATA   U_CHAR   0089H  1
TCON . . . . . . . . . . . . . . . . .  SFR      DATA   U_CHAR   0088H  1
C51 COMPILER V9.01   NIXIETUBE                                                             04/18/2022 16:03:29 PAGE 5   

NAME                                    CLASS   MSPACE  TYPE    OFFSET  SIZE
====                                    =====   ======  ====    ======  ====


P06. . . . . . . . . . . . . . . . . .  ABSBIT   -----  BIT      0086H  1
P15. . . . . . . . . . . . . . . . . .  ABSBIT   -----  BIT      0095H  1
P24. . . . . . . . . . . . . . . . . .  ABSBIT   -----  BIT      00A4H  1
P33. . . . . . . . . . . . . . . . . .  ABSBIT   -----  BIT      00B3H  1
P07. . . . . . . . . . . . . . . . . .  ABSBIT   -----  BIT      0087H  1
P16. . . . . . . . . . . . . . . . . .  ABSBIT   -----  BIT      0096H  1
P25. . . . . . . . . . . . . . . . . .  ABSBIT   -----  BIT      00A5H  1
P34. . . . . . . . . . . . . . . . . .  ABSBIT   -----  BIT      00B4H  1
P17. . . . . . . . . . . . . . . . . .  ABSBIT   -----  BIT      0097H  1
P26. . . . . . . . . . . . . . . . . .  ABSBIT   -----  BIT      00A6H  1
P35. . . . . . . . . . . . . . . . . .  ABSBIT   -----  BIT      00B5H  1
P27. . . . . . . . . . . . . . . . . .  ABSBIT   -----  BIT      00A7H  1
P36. . . . . . . . . . . . . . . . . .  ABSBIT   -----  BIT      00B6H  1
P37. . . . . . . . . . . . . . . . . .  ABSBIT   -----  BIT      00B7H  1
IE0. . . . . . . . . . . . . . . . . .  ABSBIT   -----  BIT      0089H  1
IE1. . . . . . . . . . . . . . . . . .  ABSBIT   -----  BIT      008BH  1
B. . . . . . . . . . . . . . . . . . .  SFR      DATA   U_CHAR   00F0H  1
CP_RL2 . . . . . . . . . . . . . . . .  ABSBIT   -----  BIT      00C8H  1
ACC. . . . . . . . . . . . . . . . . .  SFR      DATA   U_CHAR   00E0H  1
ET0. . . . . . . . . . . . . . . . . .  ABSBIT   -----  BIT      00A9H  1
ET1. . . . . . . . . . . . . . . . . .  ABSBIT   -----  BIT      00ABH  1
TF0. . . . . . . . . . . . . . . . . .  ABSBIT   -----  BIT      008DH  1
ET2. . . . . . . . . . . . . . . . . .  ABSBIT   -----  BIT      00ADH  1
TF1. . . . . . . . . . . . . . . . . .  ABSBIT   -----  BIT      008FH  1
TF2. . . . . . . . . . . . . . . . . .  ABSBIT   -----  BIT      00CFH  1
RB8. . . . . . . . . . . . . . . . . .  ABSBIT   -----  BIT      009AH  1
TH0. . . . . . . . . . . . . . . . . .  SFR      DATA   U_CHAR   008CH  1
EX0. . . . . . . . . . . . . . . . . .  ABSBIT   -----  BIT      00A8H  1
IT0. . . . . . . . . . . . . . . . . .  ABSBIT   -----  BIT      0088H  1
TH1. . . . . . . . . . . . . . . . . .  SFR      DATA   U_CHAR   008DH  1
TB8. . . . . . . . . . . . . . . . . .  ABSBIT   -----  BIT      009BH  1
EX1. . . . . . . . . . . . . . . . . .  ABSBIT   -----  BIT      00AAH  1
IT1. . . . . . . . . . . . . . . . . .  ABSBIT   -----  BIT      008AH  1
TH2. . . . . . . . . . . . . . . . . .  SFR      DATA   U_CHAR   00CDH  1
P. . . . . . . . . . . . . . . . . . .  ABSBIT   -----  BIT      00D0H  1
SM0. . . . . . . . . . . . . . . . . .  ABSBIT   -----  BIT      009FH  1
TL0. . . . . . . . . . . . . . . . . .  SFR      DATA   U_CHAR   008AH  1
SM1. . . . . . . . . . . . . . . . . .  ABSBIT   -----  BIT      009EH  1
TL1. . . . . . . . . . . . . . . . . .  SFR      DATA   U_CHAR   008BH  1
SM2. . . . . . . . . . . . . . . . . .  ABSBIT   -----  BIT      009DH  1
TL2. . . . . . . . . . . . . . . . . .  SFR      DATA   U_CHAR   00CCH  1
PT0. . . . . . . . . . . . . . . . . .  ABSBIT   -----  BIT      00B9H  1
PT1. . . . . . . . . . . . . . . . . .  ABSBIT   -----  BIT      00BBH  1
RS0. . . . . . . . . . . . . . . . . .  ABSBIT   -----  BIT      00D3H  1
PT2. . . . . . . . . . . . . . . . . .  ABSBIT   -----  BIT      00BDH  1
TR0. . . . . . . . . . . . . . . . . .  ABSBIT   -----  BIT      008CH  1
RS1. . . . . . . . . . . . . . . . . .  ABSBIT   -----  BIT      00D4H  1
TR1. . . . . . . . . . . . . . . . . .  ABSBIT   -----  BIT      008EH  1
TR2. . . . . . . . . . . . . . . . . .  ABSBIT   -----  BIT      00CAH  1
PX0. . . . . . . . . . . . . . . . . .  ABSBIT   -----  BIT      00B8H  1
PX1. . . . . . . . . . . . . . . . . .  ABSBIT   -----  BIT      00BAH  1
DPH. . . . . . . . . . . . . . . . . .  SFR      DATA   U_CHAR   0083H  1
DPL. . . . . . . . . . . . . . . . . .  SFR      DATA   U_CHAR   0082H  1
EXEN2. . . . . . . . . . . . . . . . .  ABSBIT   -----  BIT      00CBH  1
REN. . . . . . . . . . . . . . . . . .  ABSBIT   -----  BIT      009CH  1
T2CON. . . . . . . . . . . . . . . . .  SFR      DATA   U_CHAR   00C8H  1
RXD. . . . . . . . . . . . . . . . . .  ABSBIT   -----  BIT      00B0H  1
C51 COMPILER V9.01   NIXIETUBE                                                             04/18/2022 16:03:29 PAGE 6   

NAME                                    CLASS   MSPACE  TYPE    OFFSET  SIZE
====                                    =====   ======  ====    ======  ====


TXD. . . . . . . . . . . . . . . . . .  ABSBIT   -----  BIT      00B1H  1
F0 . . . . . . . . . . . . . . . . . .  ABSBIT   -----  BIT      00D5H  1
PSW. . . . . . . . . . . . . . . . . .  SFR      DATA   U_CHAR   00D0H  1


MODULE INFORMATION:   STATIC OVERLAYABLE
   CODE SIZE        =    109    ----
   CONSTANT SIZE    =   ----    ----
   XDATA SIZE       =   ----    ----
   PDATA SIZE       =   ----    ----
   DATA SIZE        =     10    ----
   IDATA SIZE       =   ----    ----
   BIT SIZE         =   ----    ----
   EDATA SIZE       =   ----    ----
   HDATA SIZE       =   ----    ----
   XDATA CONST SIZE =   ----    ----
   FAR CONST SIZE   =   ----    ----
END OF MODULE INFORMATION.


C51 COMPILATION COMPLETE.  0 WARNING(S),  0 ERROR(S)
