C51 COMPILER V9.01   MAIN                                                                  04/18/2022 14:27:49 PAGE 1   


C51 COMPILER V9.01, COMPILATION OF MODULE MAIN
OBJECT MODULE PLACED IN .\build\Debug\src\main.o
COMPILER INVOKED BY: C:\Keil\C51\BIN\C51.exe .\SRC\MAIN.C PRINT(.\build\Debug\src\main.lst) OMF2 TABS(4) CODE NOCOND SYM
                    -BOLS OPTIMIZE(8,SPEED) SMALL ROM(LARGE) INCDIR(.\..\..\..\..\..\Keil\C51\INC;.\src;.\..\include) DEFINE(__UVISION_VERSIO
                    -N=526) OBJECT(.\build\Debug\src\main.o)

line level    source

   1          #include "REG52.H"
   2          #include "delay.h"
   3          #include "matrixLED.h"
   4          char animation[] = {0x00, 0xFF, 0x89, 0xFF, 0x89, 0x89, 0xFF, 0x00, 0x1E, 0x22, 0x42, 0xFF, 0x42, 0x42, 0x
             -22, 0x1E};
   5          void main() {
   6   1          MatrixLED_Init();
   7   1          unsigned char i;
*** ERROR C141 IN LINE 7 OF .\SRC\MAIN.C: syntax error near 'unsigned'
*** ERROR C202 IN LINE 7 OF .\SRC\MAIN.C: 'i': undefined identifier
   8   1      
   9   1          while (1) {
  10   2              for (i = 0; i < 8; i++) {
*** ERROR C202 IN LINE 10 OF .\SRC\MAIN.C: 'i': undefined identifier
  11   3                  matrixLED_ShowColumn(i, animation[i]);
*** ERROR C202 IN LINE 11 OF .\SRC\MAIN.C: 'i': undefined identifier
  12   3              }
  13   2          }
  14   1      }

C51 COMPILATION COMPLETE.  0 WARNING(S),  4 ERROR(S)
