C51 COMPILER V9.60.0.0   MAIN                                                              04/12/2022 10:17:08 PAGE 1   


C51 COMPILER V9.60.0.0, COMPILATION OF MODULE MAIN
OBJECT MODULE PLACED IN .\build\Release\src\main.o
COMPILER INVOKED BY: C:\Keil_v5\C51\BIN\C51.exe .\SRC\MAIN.C PRINT(.\build\Release\src\main.lst) OMF2 TABS(4) CODE NOCON
                    -D SYMBOLS OPTIMIZE(8,SPEED) SMALL ROM(LARGE) INCDIR(.\..\..\..\..\..\Keil_v5\C51\INC;.\src) DEFINE(__UVISION_VERSION=526
                    -) OBJECT(.\build\Release\src\main.o)

line level    source

   1          #include "REG52.H"
   2          #include "delay.h"
   3          typedef unsigned char uint8_t;
   4          typedef unsigned int uint16_t;
   5          typedef unsigned long uint32_t;
   6          typedef signed char int8_t;
   7          typedef signed int int16_t;
   8          typedef signed long int32_t;
   9          
  10          #define EXT0_VECTOR 0  /* 0x03 external interrupt 0 */
  11          #define TIM0_VECTOR 1  /* 0x0b timer 0 */
  12          #define EXT1_VECTOR 2  /* 0x13 external interrupt 1 */
  13          #define TIM1_VECTOR 3  /* 0x1b timer 1 */
  14          #define UART0_VECTOR 4 /* 0x23 serial port 0 */
  15          
  16          sbit LED = P2 ^ 0;
  17          sbit BUTTON = P3 ^ 1;
  18          
  19          void main() {
  20   1          LED = 1;
  21   1          while (1) {
  22   2              if (BUTTON == 0) {
  23   3                  delay(20);
  24   3                  while (BUTTON == 0)
  25   3                      ;
  26   3                  delay(20);
  27   3                  LED = ~LED;
  28   3              }
  29   2          }
  30   1      }
C51 COMPILER V9.60.0.0   MAIN                                                              04/12/2022 10:17:08 PAGE 2   

ASSEMBLY LISTING OF GENERATED OBJECT CODE


             ; FUNCTION main (BEGIN)
                                           ; SOURCE LINE # 19
                                           ; SOURCE LINE # 20
0000 D2A0              SETB    LED
0002         ?C0001:
                                           ; SOURCE LINE # 21
                                           ; SOURCE LINE # 22
0002 20B1FD            JB      BUTTON,?C0001
                                           ; SOURCE LINE # 23
0005 7F14              MOV     R7,#014H
0007 7E00              MOV     R6,#00H
0009 120000      E     LCALL   _delay
000C         ?C0004:
                                           ; SOURCE LINE # 24
000C 30B1FD            JNB     BUTTON,?C0004
                                           ; SOURCE LINE # 26
000F 7F14              MOV     R7,#014H
0011 7E00              MOV     R6,#00H
0013 120000      E     LCALL   _delay
                                           ; SOURCE LINE # 27
0016 B2A0              CPL     LED
                                           ; SOURCE LINE # 28
                                           ; SOURCE LINE # 29
0018 80E8              SJMP    ?C0001
             ; FUNCTION main (END)

C51 COMPILER V9.60.0.0   MAIN                                                              04/12/2022 10:17:08 PAGE 3   

NAME                                    CLASS   MSPACE  TYPE    OFFSET  SIZE
====                                    =====   ======  ====    ======  ====


uint16_t . . . . . . . . . . . . . . .  TYPEDEF  -----  U_INT    -----  2
P0 . . . . . . . . . . . . . . . . . .  SFR      DATA   U_CHAR   0080H  1
P1 . . . . . . . . . . . . . . . . . .  SFR      DATA   U_CHAR   0090H  1
P2 . . . . . . . . . . . . . . . . . .  SFR      DATA   U_CHAR   00A0H  1
P3 . . . . . . . . . . . . . . . . . .  SFR      DATA   U_CHAR   00B0H  1
T0 . . . . . . . . . . . . . . . . . .  ABSBIT   -----  BIT      00B4H  1
AC . . . . . . . . . . . . . . . . . .  ABSBIT   -----  BIT      00D6H  1
T1 . . . . . . . . . . . . . . . . . .  ABSBIT   -----  BIT      00B5H  1
T2 . . . . . . . . . . . . . . . . . .  ABSBIT   -----  BIT      0090H  1
EA . . . . . . . . . . . . . . . . . .  ABSBIT   -----  BIT      00AFH  1
int32_t. . . . . . . . . . . . . . . .  TYPEDEF  -----  LONG     -----  4
int16_t. . . . . . . . . . . . . . . .  TYPEDEF  -----  INT      -----  2
IE . . . . . . . . . . . . . . . . . .  SFR      DATA   U_CHAR   00A8H  1
_delay . . . . . . . . . . . . . . . .  EXTERN   CODE   PROC     -----  -----
EXF2 . . . . . . . . . . . . . . . . .  ABSBIT   -----  BIT      00CEH  1
RD . . . . . . . . . . . . . . . . . .  ABSBIT   -----  BIT      00B7H  1
ES . . . . . . . . . . . . . . . . . .  ABSBIT   -----  BIT      00ACH  1
IP . . . . . . . . . . . . . . . . . .  SFR      DATA   U_CHAR   00B8H  1
RI . . . . . . . . . . . . . . . . . .  ABSBIT   -----  BIT      0098H  1
INT0 . . . . . . . . . . . . . . . . .  ABSBIT   -----  BIT      00B2H  1
CY . . . . . . . . . . . . . . . . . .  ABSBIT   -----  BIT      00D7H  1
TI . . . . . . . . . . . . . . . . . .  ABSBIT   -----  BIT      0099H  1
INT1 . . . . . . . . . . . . . . . . .  ABSBIT   -----  BIT      00B3H  1
RCAP2H . . . . . . . . . . . . . . . .  SFR      DATA   U_CHAR   00CBH  1
PS . . . . . . . . . . . . . . . . . .  ABSBIT   -----  BIT      00BCH  1
SP . . . . . . . . . . . . . . . . . .  SFR      DATA   U_CHAR   0081H  1
T2EX . . . . . . . . . . . . . . . . .  ABSBIT   -----  BIT      0091H  1
OV . . . . . . . . . . . . . . . . . .  ABSBIT   -----  BIT      00D2H  1
RCAP2L . . . . . . . . . . . . . . . .  SFR      DATA   U_CHAR   00CAH  1
main . . . . . . . . . . . . . . . . .  PUBLIC   CODE   PROC     0000H  -----
C_T2 . . . . . . . . . . . . . . . . .  ABSBIT   -----  BIT      00C9H  1
WR . . . . . . . . . . . . . . . . . .  ABSBIT   -----  BIT      00B6H  1
RCLK . . . . . . . . . . . . . . . . .  ABSBIT   -----  BIT      00CDH  1
TCLK . . . . . . . . . . . . . . . . .  ABSBIT   -----  BIT      00CCH  1
P00. . . . . . . . . . . . . . . . . .  ABSBIT   -----  BIT      0080H  1
P10. . . . . . . . . . . . . . . . . .  ABSBIT   -----  BIT      0090H  1
P01. . . . . . . . . . . . . . . . . .  ABSBIT   -----  BIT      0081H  1
SBUF . . . . . . . . . . . . . . . . .  SFR      DATA   U_CHAR   0099H  1
PCON . . . . . . . . . . . . . . . . .  SFR      DATA   U_CHAR   0087H  1
P20. . . . . . . . . . . . . . . . . .  ABSBIT   -----  BIT      00A0H  1
P11. . . . . . . . . . . . . . . . . .  ABSBIT   -----  BIT      0091H  1
P02. . . . . . . . . . . . . . . . . .  ABSBIT   -----  BIT      0082H  1
P30. . . . . . . . . . . . . . . . . .  ABSBIT   -----  BIT      00B0H  1
P21. . . . . . . . . . . . . . . . . .  ABSBIT   -----  BIT      00A1H  1
P12. . . . . . . . . . . . . . . . . .  ABSBIT   -----  BIT      0092H  1
P03. . . . . . . . . . . . . . . . . .  ABSBIT   -----  BIT      0083H  1
P31. . . . . . . . . . . . . . . . . .  ABSBIT   -----  BIT      00B1H  1
P22. . . . . . . . . . . . . . . . . .  ABSBIT   -----  BIT      00A2H  1
P13. . . . . . . . . . . . . . . . . .  ABSBIT   -----  BIT      0093H  1
P04. . . . . . . . . . . . . . . . . .  ABSBIT   -----  BIT      0084H  1
SCON . . . . . . . . . . . . . . . . .  SFR      DATA   U_CHAR   0098H  1
P32. . . . . . . . . . . . . . . . . .  ABSBIT   -----  BIT      00B2H  1
P23. . . . . . . . . . . . . . . . . .  ABSBIT   -----  BIT      00A3H  1
P14. . . . . . . . . . . . . . . . . .  ABSBIT   -----  BIT      0094H  1
P05. . . . . . . . . . . . . . . . . .  ABSBIT   -----  BIT      0085H  1
TMOD . . . . . . . . . . . . . . . . .  SFR      DATA   U_CHAR   0089H  1
TCON . . . . . . . . . . . . . . . . .  SFR      DATA   U_CHAR   0088H  1
C51 COMPILER V9.60.0.0   MAIN                                                              04/12/2022 10:17:08 PAGE 4   

NAME                                    CLASS   MSPACE  TYPE    OFFSET  SIZE
====                                    =====   ======  ====    ======  ====


P33. . . . . . . . . . . . . . . . . .  ABSBIT   -----  BIT      00B3H  1
P24. . . . . . . . . . . . . . . . . .  ABSBIT   -----  BIT      00A4H  1
P15. . . . . . . . . . . . . . . . . .  ABSBIT   -----  BIT      0095H  1
P06. . . . . . . . . . . . . . . . . .  ABSBIT   -----  BIT      0086H  1
P34. . . . . . . . . . . . . . . . . .  ABSBIT   -----  BIT      00B4H  1
P25. . . . . . . . . . . . . . . . . .  ABSBIT   -----  BIT      00A5H  1
P16. . . . . . . . . . . . . . . . . .  ABSBIT   -----  BIT      0096H  1
P07. . . . . . . . . . . . . . . . . .  ABSBIT   -----  BIT      0087H  1
P35. . . . . . . . . . . . . . . . . .  ABSBIT   -----  BIT      00B5H  1
P26. . . . . . . . . . . . . . . . . .  ABSBIT   -----  BIT      00A6H  1
P17. . . . . . . . . . . . . . . . . .  ABSBIT   -----  BIT      0097H  1
P36. . . . . . . . . . . . . . . . . .  ABSBIT   -----  BIT      00B6H  1
P27. . . . . . . . . . . . . . . . . .  ABSBIT   -----  BIT      00A7H  1
P37. . . . . . . . . . . . . . . . . .  ABSBIT   -----  BIT      00B7H  1
IE0. . . . . . . . . . . . . . . . . .  ABSBIT   -----  BIT      0089H  1
IE1. . . . . . . . . . . . . . . . . .  ABSBIT   -----  BIT      008BH  1
B. . . . . . . . . . . . . . . . . . .  SFR      DATA   U_CHAR   00F0H  1
CP_RL2 . . . . . . . . . . . . . . . .  ABSBIT   -----  BIT      00C8H  1
ACC. . . . . . . . . . . . . . . . . .  SFR      DATA   U_CHAR   00E0H  1
ET0. . . . . . . . . . . . . . . . . .  ABSBIT   -----  BIT      00A9H  1
ET1. . . . . . . . . . . . . . . . . .  ABSBIT   -----  BIT      00ABH  1
TF0. . . . . . . . . . . . . . . . . .  ABSBIT   -----  BIT      008DH  1
ET2. . . . . . . . . . . . . . . . . .  ABSBIT   -----  BIT      00ADH  1
TF1. . . . . . . . . . . . . . . . . .  ABSBIT   -----  BIT      008FH  1
TF2. . . . . . . . . . . . . . . . . .  ABSBIT   -----  BIT      00CFH  1
RB8. . . . . . . . . . . . . . . . . .  ABSBIT   -----  BIT      009AH  1
TH0. . . . . . . . . . . . . . . . . .  SFR      DATA   U_CHAR   008CH  1
EX0. . . . . . . . . . . . . . . . . .  ABSBIT   -----  BIT      00A8H  1
IT0. . . . . . . . . . . . . . . . . .  ABSBIT   -----  BIT      0088H  1
TH1. . . . . . . . . . . . . . . . . .  SFR      DATA   U_CHAR   008DH  1
TB8. . . . . . . . . . . . . . . . . .  ABSBIT   -----  BIT      009BH  1
EX1. . . . . . . . . . . . . . . . . .  ABSBIT   -----  BIT      00AAH  1
IT1. . . . . . . . . . . . . . . . . .  ABSBIT   -----  BIT      008AH  1
TH2. . . . . . . . . . . . . . . . . .  SFR      DATA   U_CHAR   00CDH  1
uint8_t. . . . . . . . . . . . . . . .  TYPEDEF  -----  U_CHAR   -----  1
P. . . . . . . . . . . . . . . . . . .  ABSBIT   -----  BIT      00D0H  1
SM0. . . . . . . . . . . . . . . . . .  ABSBIT   -----  BIT      009FH  1
TL0. . . . . . . . . . . . . . . . . .  SFR      DATA   U_CHAR   008AH  1
SM1. . . . . . . . . . . . . . . . . .  ABSBIT   -----  BIT      009EH  1
TL1. . . . . . . . . . . . . . . . . .  SFR      DATA   U_CHAR   008BH  1
SM2. . . . . . . . . . . . . . . . . .  ABSBIT   -----  BIT      009DH  1
TL2. . . . . . . . . . . . . . . . . .  SFR      DATA   U_CHAR   00CCH  1
PT0. . . . . . . . . . . . . . . . . .  ABSBIT   -----  BIT      00B9H  1
LED. . . . . . . . . . . . . . . . . .  ABSBIT   -----  BIT      00A0H  1
PT1. . . . . . . . . . . . . . . . . .  ABSBIT   -----  BIT      00BBH  1
RS0. . . . . . . . . . . . . . . . . .  ABSBIT   -----  BIT      00D3H  1
PT2. . . . . . . . . . . . . . . . . .  ABSBIT   -----  BIT      00BDH  1
TR0. . . . . . . . . . . . . . . . . .  ABSBIT   -----  BIT      008CH  1
RS1. . . . . . . . . . . . . . . . . .  ABSBIT   -----  BIT      00D4H  1
TR1. . . . . . . . . . . . . . . . . .  ABSBIT   -----  BIT      008EH  1
TR2. . . . . . . . . . . . . . . . . .  ABSBIT   -----  BIT      00CAH  1
PX0. . . . . . . . . . . . . . . . . .  ABSBIT   -----  BIT      00B8H  1
int8_t . . . . . . . . . . . . . . . .  TYPEDEF  -----  CHAR     -----  1
PX1. . . . . . . . . . . . . . . . . .  ABSBIT   -----  BIT      00BAH  1
DPH. . . . . . . . . . . . . . . . . .  SFR      DATA   U_CHAR   0083H  1
BUTTON . . . . . . . . . . . . . . . .  ABSBIT   -----  BIT      00B1H  1
DPL. . . . . . . . . . . . . . . . . .  SFR      DATA   U_CHAR   0082H  1
C51 COMPILER V9.60.0.0   MAIN                                                              04/12/2022 10:17:08 PAGE 5   

NAME                                    CLASS   MSPACE  TYPE    OFFSET  SIZE
====                                    =====   ======  ====    ======  ====


EXEN2. . . . . . . . . . . . . . . . .  ABSBIT   -----  BIT      00CBH  1
REN. . . . . . . . . . . . . . . . . .  ABSBIT   -----  BIT      009CH  1
T2CON. . . . . . . . . . . . . . . . .  SFR      DATA   U_CHAR   00C8H  1
RXD. . . . . . . . . . . . . . . . . .  ABSBIT   -----  BIT      00B0H  1
TXD. . . . . . . . . . . . . . . . . .  ABSBIT   -----  BIT      00B1H  1
F0 . . . . . . . . . . . . . . . . . .  ABSBIT   -----  BIT      00D5H  1
PSW. . . . . . . . . . . . . . . . . .  SFR      DATA   U_CHAR   00D0H  1
uint32_t . . . . . . . . . . . . . . .  TYPEDEF  -----  U_LONG   -----  4


MODULE INFORMATION:   STATIC OVERLAYABLE
   CODE SIZE        =     26    ----
   CONSTANT SIZE    =   ----    ----
   XDATA SIZE       =   ----    ----
   PDATA SIZE       =   ----    ----
   DATA SIZE        =   ----    ----
   IDATA SIZE       =   ----    ----
   BIT SIZE         =   ----    ----
   EDATA SIZE       =   ----    ----
   HDATA SIZE       =   ----    ----
   XDATA CONST SIZE =   ----    ----
   FAR CONST SIZE   =   ----    ----
END OF MODULE INFORMATION.


C51 COMPILATION COMPLETE.  0 WARNING(S),  0 ERROR(S)
