[2022-04-13 23:46:44]	compilation failed at : "c:\Users\Administrator\Desktop\51单片机学习\7-2定时器时钟\src\main.c", exit code: 2
  at unify_builder.Program.Main (System.String[] args) [0x018f4] in <82200d7cd0cf4a279c5fb9fc299a656f>:0 
---
C51 COMPILER V9.60.0.0 - SN: K1DZC-UVG34C
COPYRIGHT Copyright (C) 2012 - 2019 ARM Ltd and ARM Germany GmbH. All rights reserved.
*** ERROR C141 IN LINE 25 OF .\SRC\MAIN.C: syntax error near '}', expected 'sizeof'
C51 COMPILATION COMPLETE.  0 WARNING(S),  1 ERROR(S)

[2022-04-13 23:47:30]	[done]
	build successfully !

[2022-04-13 23:49:44]	[done]
	build successfully !

[2022-04-13 23:50:36]	[done]
	build successfully !

[2022-04-13 23:53:40]	[done]
	build successfully !

[2022-04-13 23:55:27]	[done]
	build successfully !

[2022-04-13 23:56:03]	[done]
	build successfully !

[2022-04-13 23:57:11]	[done]
	build successfully !

