[2022-04-08 15:55:10]	compilation failed at : "c:\Users\Administrator\Desktop\51单片机学习\1-2独立按键控制led显示二进制\src\main.c", exit code: 2
  at unify_builder.Program.Main (System.String[] args) [0x018f4] in <5ad0758a213a4017a4a43a71c811e836>:0 
---
C51 COMPILER V9.60.0.0 - SN: K1DZC-UVG34C
COPYRIGHT Copyright (C) 2012 - 2019 ARM Ltd and ARM Germany GmbH. All rights reserved.
*** WARNING C206 IN LINE 35 OF .\SRC\MAIN.C: 'delay': missing function-prototype
*** ERROR C267 IN LINE 35 OF .\SRC\MAIN.C: 'delay': requires ANSI-style prototype
C51 COMPILATION COMPLETE.  1 WARNING(S),  1 ERROR(S)

[2022-04-08 15:58:59]	link failed !, exit code: 2
  at unify_builder.Program.Main (System.String[] args) [0x01a98] in <5ad0758a213a4017a4a43a71c811e836>:0 
---
LX51 LINKER/LOCATER V4.66.97.0 - SN: K1DZC-UVG34C
COPYRIGHT ARM Germany GmbH 1995 - 2019
@c:\Users\Administrator\Desktop\51单片机学习\1-2独立按键控制led显示二进制\build\Release\1-2独立按键控制led显示二进制.lnp 
.\build\Release\src\main.o TO .\build\Release\1-2独立按键控制led显示二进制
PRINT(.\build\Release\1-2独立按键控制led显示二进制.map) REMOVEUNUSED
*** ERROR L127: UNRESOLVED EXTERNAL SYMBOL
    SYMBOL:  _delay
    MODULE:  .\BUILD\RELEASE\SRC\MAIN.O (MAIN)
*** ERROR L128: REFERENCE MADE TO UNRESOLVED EXTERNAL
    SYMBOL:  _delay
    MODULE:  .\BUILD\RELEASE\SRC\MAIN.O (MAIN)
    ADDRESS: 100000BH
*** ERROR L128: REFERENCE MADE TO UNRESOLVED EXTERNAL
    SYMBOL:  _delay
    MODULE:  .\BUILD\RELEASE\SRC\MAIN.O (MAIN)
    ADDRESS: 1000015H
Program Size: data=9.0 xdata=0 const=0 code=39
LX51 RUN COMPLETE.  0 WARNING(S),  3 ERROR(S)


[2022-04-08 16:02:25]	link failed !, exit code: 2
  at unify_builder.Program.Main (System.String[] args) [0x01a98] in <5ad0758a213a4017a4a43a71c811e836>:0 
---
LX51 LINKER/LOCATER V4.66.97.0 - SN: K1DZC-UVG34C
COPYRIGHT ARM Germany GmbH 1995 - 2019
@c:\Users\Administrator\Desktop\51单片机学习\1-2独立按键控制led显示二进制\build\Release\1-2独立按键控制led显示二进制.lnp 
.\build\Release\src\main.o TO .\build\Release\1-2独立按键控制led显示二进制
PRINT(.\build\Release\1-2独立按键控制led显示二进制.map) REMOVEUNUSED
*** ERROR L127: UNRESOLVED EXTERNAL SYMBOL
    SYMBOL:  _delay
    MODULE:  .\BUILD\RELEASE\SRC\MAIN.O (MAIN)
*** ERROR L128: REFERENCE MADE TO UNRESOLVED EXTERNAL
    SYMBOL:  _delay
    MODULE:  .\BUILD\RELEASE\SRC\MAIN.O (MAIN)
    ADDRESS: 100000BH
*** ERROR L128: REFERENCE MADE TO UNRESOLVED EXTERNAL
    SYMBOL:  _delay
    MODULE:  .\BUILD\RELEASE\SRC\MAIN.O (MAIN)
    ADDRESS: 1000015H
Program Size: data=9.0 xdata=0 const=0 code=39
LX51 RUN COMPLETE.  0 WARNING(S),  3 ERROR(S)


[2022-04-08 16:05:57]	link failed !, exit code: 2
  at unify_builder.Program.Main (System.String[] args) [0x01a98] in <5ad0758a213a4017a4a43a71c811e836>:0 
---
LX51 LINKER/LOCATER V4.66.97.0 - SN: K1DZC-UVG34C
COPYRIGHT ARM Germany GmbH 1995 - 2019
@c:\Users\Administrator\Desktop\51单片机学习\1-2独立按键控制led显示二进制\build\Release\1-2独立按键控制led显示二进制.lnp 
.\build\Release\src\main.o TO .\build\Release\1-2独立按键控制led显示二进制
PRINT(.\build\Release\1-2独立按键控制led显示二进制.map) REMOVEUNUSED
*** ERROR L127: UNRESOLVED EXTERNAL SYMBOL
    SYMBOL:  _delay
    MODULE:  .\BUILD\RELEASE\SRC\MAIN.O (MAIN)
*** ERROR L128: REFERENCE MADE TO UNRESOLVED EXTERNAL
    SYMBOL:  _delay
    MODULE:  .\BUILD\RELEASE\SRC\MAIN.O (MAIN)
    ADDRESS: 100000BH
*** ERROR L128: REFERENCE MADE TO UNRESOLVED EXTERNAL
    SYMBOL:  _delay
    MODULE:  .\BUILD\RELEASE\SRC\MAIN.O (MAIN)
    ADDRESS: 1000015H
Program Size: data=9.0 xdata=0 const=0 code=39
LX51 RUN COMPLETE.  0 WARNING(S),  3 ERROR(S)


[2022-04-08 16:07:08]	link failed !, exit code: 2
  at unify_builder.Program.Main (System.String[] args) [0x01a98] in <5ad0758a213a4017a4a43a71c811e836>:0 
---
LX51 LINKER/LOCATER V4.66.97.0 - SN: K1DZC-UVG34C
COPYRIGHT ARM Germany GmbH 1995 - 2019
@c:\Users\Administrator\Desktop\51单片机学习\1-2独立按键控制led显示二进制\build\Release\1-2独立按键控制led显示二进制.lnp 
.\build\Release\src\main.o TO .\build\Release\1-2独立按键控制led显示二进制
PRINT(.\build\Release\1-2独立按键控制led显示二进制.map) REMOVEUNUSED
*** ERROR L127: UNRESOLVED EXTERNAL SYMBOL
    SYMBOL:  _delay
    MODULE:  .\BUILD\RELEASE\SRC\MAIN.O (MAIN)
*** ERROR L128: REFERENCE MADE TO UNRESOLVED EXTERNAL
    SYMBOL:  _delay
    MODULE:  .\BUILD\RELEASE\SRC\MAIN.O (MAIN)
    ADDRESS: 100000BH
*** ERROR L128: REFERENCE MADE TO UNRESOLVED EXTERNAL
    SYMBOL:  _delay
    MODULE:  .\BUILD\RELEASE\SRC\MAIN.O (MAIN)
    ADDRESS: 1000015H
Program Size: data=9.0 xdata=0 const=0 code=39
LX51 RUN COMPLETE.  0 WARNING(S),  3 ERROR(S)


[2022-04-08 16:07:26]	[done]
	build successfully !

[2022-04-08 16:07:48]	link failed !, exit code: 2
  at unify_builder.Program.Main (System.String[] args) [0x01a98] in <5ad0758a213a4017a4a43a71c811e836>:0 
---
LX51 LINKER/LOCATER V4.66.97.0 - SN: K1DZC-UVG34C
COPYRIGHT ARM Germany GmbH 1995 - 2019
@c:\Users\Administrator\Desktop\51单片机学习\1-2独立按键控制led显示二进制\build\Release\1-2独立按键控制led显示二进制.lnp 
.\build\Release\src\main.o TO .\build\Release\1-2独立按键控制led显示二进制
PRINT(.\build\Release\1-2独立按键控制led显示二进制.map) REMOVEUNUSED
*** ERROR L127: UNRESOLVED EXTERNAL SYMBOL
    SYMBOL:  _delay
    MODULE:  .\BUILD\RELEASE\SRC\MAIN.O (MAIN)
*** ERROR L128: REFERENCE MADE TO UNRESOLVED EXTERNAL
    SYMBOL:  _delay
    MODULE:  .\BUILD\RELEASE\SRC\MAIN.O (MAIN)
    ADDRESS: 100000BH
*** ERROR L128: REFERENCE MADE TO UNRESOLVED EXTERNAL
    SYMBOL:  _delay
    MODULE:  .\BUILD\RELEASE\SRC\MAIN.O (MAIN)
    ADDRESS: 1000015H
Program Size: data=9.0 xdata=0 const=0 code=39
LX51 RUN COMPLETE.  0 WARNING(S),  3 ERROR(S)


[2022-04-08 16:07:52]	link failed !, exit code: 2
  at unify_builder.Program.Main (System.String[] args) [0x01a98] in <5ad0758a213a4017a4a43a71c811e836>:0 
---
LX51 LINKER/LOCATER V4.66.97.0 - SN: K1DZC-UVG34C
COPYRIGHT ARM Germany GmbH 1995 - 2019
@c:\Users\Administrator\Desktop\51单片机学习\1-2独立按键控制led显示二进制\build\Release\1-2独立按键控制led显示二进制.lnp 
.\build\Release\src\main.o TO .\build\Release\1-2独立按键控制led显示二进制
PRINT(.\build\Release\1-2独立按键控制led显示二进制.map) REMOVEUNUSED
*** ERROR L127: UNRESOLVED EXTERNAL SYMBOL
    SYMBOL:  _delay
    MODULE:  .\BUILD\RELEASE\SRC\MAIN.O (MAIN)
*** ERROR L128: REFERENCE MADE TO UNRESOLVED EXTERNAL
    SYMBOL:  _delay
    MODULE:  .\BUILD\RELEASE\SRC\MAIN.O (MAIN)
    ADDRESS: 100000BH
*** ERROR L128: REFERENCE MADE TO UNRESOLVED EXTERNAL
    SYMBOL:  _delay
    MODULE:  .\BUILD\RELEASE\SRC\MAIN.O (MAIN)
    ADDRESS: 1000015H
Program Size: data=9.0 xdata=0 const=0 code=39
LX51 RUN COMPLETE.  0 WARNING(S),  3 ERROR(S)


[2022-04-08 16:09:17]	compilation failed at : "c:\Users\Administrator\Desktop\51单片机学习\1-2独立按键控制led显示二进制\src\main.c", exit code: 2
  at unify_builder.Program.Main (System.String[] args) [0x018f4] in <5ad0758a213a4017a4a43a71c811e836>:0 
---
C51 COMPILER V9.60.0.0 - SN: K1DZC-UVG34C
COPYRIGHT Copyright (C) 2012 - 2019 ARM Ltd and ARM Germany GmbH. All rights reserved.
*** WARNING C318 IN LINE 12 OF .\SRC\MAIN.C: can't open file 'delay.h'
*** WARNING C206 IN LINE 36 OF .\SRC\MAIN.C: 'delay': missing function-prototype
*** ERROR C267 IN LINE 36 OF .\SRC\MAIN.C: 'delay': requires ANSI-style prototype
C51 COMPILATION COMPLETE.  2 WARNING(S),  1 ERROR(S)

[2022-04-08 16:11:00]	compilation failed at : "c:\Users\Administrator\Desktop\51单片机学习\1-2独立按键控制led显示二进制\src\main.c", exit code: 2
  at unify_builder.Program.Main (System.String[] args) [0x018f4] in <5ad0758a213a4017a4a43a71c811e836>:0 
---
C51 COMPILER V9.60.0.0 - SN: K1DZC-UVG34C
COPYRIGHT Copyright (C) 2012 - 2019 ARM Ltd and ARM Germany GmbH. All rights reserved.
*** WARNING C318 IN LINE 12 OF .\SRC\MAIN.C: can't open file 'delay.h'
*** WARNING C206 IN LINE 36 OF .\SRC\MAIN.C: 'delay': missing function-prototype
*** ERROR C267 IN LINE 36 OF .\SRC\MAIN.C: 'delay': requires ANSI-style prototype
C51 COMPILATION COMPLETE.  2 WARNING(S),  1 ERROR(S)

[2022-04-08 16:11:53]	link failed !, exit code: 2
  at unify_builder.Program.Main (System.String[] args) [0x01a98] in <5ad0758a213a4017a4a43a71c811e836>:0 
---
LX51 LINKER/LOCATER V4.66.97.0 - SN: K1DZC-UVG34C
COPYRIGHT ARM Germany GmbH 1995 - 2019
@c:\Users\Administrator\Desktop\51单片机学习\1-2独立按键控制led显示二进制\build\Release\1-2独立按键控制led显示二进制.lnp 
.\build\Release\src\main.o TO .\build\Release\1-2独立按键控制led显示二进制
PRINT(.\build\Release\1-2独立按键控制led显示二进制.map) REMOVEUNUSED
*** ERROR L127: UNRESOLVED EXTERNAL SYMBOL
    SYMBOL:  _delay
    MODULE:  .\BUILD\RELEASE\SRC\MAIN.O (MAIN)
*** ERROR L128: REFERENCE MADE TO UNRESOLVED EXTERNAL
    SYMBOL:  _delay
    MODULE:  .\BUILD\RELEASE\SRC\MAIN.O (MAIN)
    ADDRESS: 100000BH
*** ERROR L128: REFERENCE MADE TO UNRESOLVED EXTERNAL
    SYMBOL:  _delay
    MODULE:  .\BUILD\RELEASE\SRC\MAIN.O (MAIN)
    ADDRESS: 1000015H
Program Size: data=9.0 xdata=0 const=0 code=39
LX51 RUN COMPLETE.  0 WARNING(S),  3 ERROR(S)


[2022-04-08 16:12:26]	[done]
	build successfully !

[2022-04-08 16:17:41]	[done]
	build successfully !

[2022-04-08 16:19:26]	[done]
	build successfully !

[2022-04-12 14:59:34]	[done]
	build successfully !

